#
# There is insufficient memory for the Java Runtime Environment to continue.
# Native memory allocation (malloc) failed to allocate 842736 bytes for Chunk::new
# Possible reasons:
#   The system is out of physical RAM or swap space
#   The process is running with CompressedOops enabled, and the Java Heap may be blocking the growth of the native heap
# Possible solutions:
#   Reduce memory load on the system
#   Increase physical memory or swap space
#   Check if swap backing store is full
#   Decrease Java heap size (-Xmx/-Xms)
#   Decrease number of Java threads
#   Decrease Java thread stack sizes (-Xss)
#   Set larger code cache with -XX:ReservedCodeCacheSize=
#   JVM is running with Unscaled Compressed Oops mode in which the Java heap is
#     placed in the first 4GB address space. The Java Heap base address is the
#     maximum limit for the native heap growth. Please use -XX:HeapBaseMinAddress
#     to set the Java Heap base and to place the Java Heap above 4GB virtual address.
# This output file may be truncated or incomplete.
#
#  Out of Memory Error (t:/workspace/open/src/hotspot/share/memory/arena.cpp:197), pid=7756, tid=9352
#
# JRE version: Java(TM) SE Runtime Environment (11.0.5+10) (build 11.0.5+10-LTS)
# Java VM: Java HotSpot(TM) 64-Bit Server VM (11.0.5+10-LTS, mixed mode, tiered, compressed oops, g1 gc, windows-amd64)
# No core dump will be written. Minidumps are not enabled by default on client versions of Windows
#

---------------  S U M M A R Y ------------

Command Line: -javaagent:C:\Program Files\JetBrains\IntelliJ IDEA 2019.3.3\lib\idea_rt.jar=35578:C:\Program Files\JetBrains\IntelliJ IDEA 2019.3.3\bin -Dfile.encoding=UTF-8 Server.main

Host: Intel(R) Core(TM) i5-4300U CPU @ 1.90GHz, 4 cores, 7G,  Windows 8.1 , 64 bit Build 9600 (6.3.9600.17056)
Time: Tue Jul 28 15:30:47 2020 Iran Summer Time elapsed time: 4 seconds (0d 0h 0m 4s)

---------------  T H R E A D  ---------------

Current thread (0x0000006bcea17800):  JavaThread "C2 CompilerThread0" daemon [_thread_in_native, id=9352, stack(0x0000006bcf600000,0x0000006bcf700000)]


Current CompileTask:
C2:   4556 1439   !   4       java.net.URL::<init> (543 bytes)

Stack: [0x0000006bcf600000,0x0000006bcf700000]
Native frames: (J=compiled Java code, j=interpreted, Vv=VM code, C=native code)
V  [jvm.dll+0x63611a]
V  [jvm.dll+0x77426f]
V  [jvm.dll+0x77591a]
V  [jvm.dll+0x775fd3]
V  [jvm.dll+0x25e608]
V  [jvm.dll+0xc1f31]
V  [jvm.dll+0xc24bc]
V  [jvm.dll+0x36dae2]
V  [jvm.dll+0x33ab93]
V  [jvm.dll+0x339f6a]
V  [jvm.dll+0x218485]
V  [jvm.dll+0x21762a]
V  [jvm.dll+0x1941bc]
V  [jvm.dll+0x226684]
V  [jvm.dll+0x224c78]
V  [jvm.dll+0x7396cd]
V  [jvm.dll+0x6351c2]
C  [ucrtbase.DLL+0x1d885]
C  [KERNEL32.DLL+0x16ad]
C  [ntdll.dll+0x74629]


---------------  P R O C E S S  ---------------

Threads class SMR info:
_java_thread_list=0x0000006bced0e170, length=11, elements={
0x0000006baf8bb000, 0x0000006bce9c5800, 0x0000006bce9b2800, 0x0000006bcea13800,
0x0000006bcea16800, 0x0000006bcea17800, 0x0000006bcea69800, 0x0000006bcea84000,
0x0000006bcdf32800, 0x0000006bcfc9e800, 0x0000006bcfc9f800
}

Java Threads: ( => current thread )
  0x0000006baf8bb000 JavaThread "main" [_thread_in_vm, id=3648, stack(0x0000006baef60000,0x0000006baf060000)]
  0x0000006bce9c5800 JavaThread "Reference Handler" daemon [_thread_blocked, id=4008, stack(0x0000006bceeb0000,0x0000006bcefb0000)]
  0x0000006bce9b2800 JavaThread "Finalizer" daemon [_thread_blocked, id=9548, stack(0x0000006bcefb0000,0x0000006bcf0b0000)]
  0x0000006bcea13800 JavaThread "Signal Dispatcher" daemon [_thread_blocked, id=8900, stack(0x0000006bcf400000,0x0000006bcf500000)]
  0x0000006bcea16800 JavaThread "Attach Listener" daemon [_thread_blocked, id=8408, stack(0x0000006bcf500000,0x0000006bcf600000)]
=>0x0000006bcea17800 JavaThread "C2 CompilerThread0" daemon [_thread_in_native, id=9352, stack(0x0000006bcf600000,0x0000006bcf700000)]
  0x0000006bcea69800 JavaThread "C1 CompilerThread0" daemon [_thread_in_native, id=2360, stack(0x0000006bcf700000,0x0000006bcf800000)]
  0x0000006bcea84000 JavaThread "Sweeper thread" daemon [_thread_blocked, id=8480, stack(0x0000006bcf800000,0x0000006bcf900000)]
  0x0000006bcdf32800 JavaThread "Common-Cleaner" daemon [_thread_blocked, id=10332, stack(0x0000006bcf900000,0x0000006bcfa00000)]
  0x0000006bcfc9e800 JavaThread "Monitor Ctrl-Break" daemon [_thread_in_native, id=9176, stack(0x0000006bd0d10000,0x0000006bd0e10000)]
  0x0000006bcfc9f800 JavaThread "Service Thread" daemon [_thread_blocked, id=6684, stack(0x0000006bd1010000,0x0000006bd1110000)]

Other Threads:
  0x0000006bcdf7d000 VMThread "VM Thread" [stack: 0x0000006bcedb0000,0x0000006bceeb0000] [id=3960]
  0x0000006bcfca1000 WatcherThread [stack: 0x0000006bd1110000,0x0000006bd1210000] [id=11236]
  0x0000006baf8ce800 GCTaskThread "GC Thread#0" [stack: 0x0000006baf240000,0x0000006baf340000] [id=888]
  0x0000006bcfcc2000 GCTaskThread "GC Thread#1" [stack: 0x0000006bd1410000,0x0000006bd1510000] [id=9976]
  0x0000006bcfcc2800 GCTaskThread "GC Thread#2" [stack: 0x0000006bd1510000,0x0000006bd1610000] [id=5088]
  0x0000006baf901000 ConcurrentGCThread "G1 Main Marker" [stack: 0x0000006bcb770000,0x0000006bcb870000] [id=8760]
  0x0000006baf903800 ConcurrentGCThread "G1 Conc#0" [stack: 0x0000006bcb870000,0x0000006bcb970000] [id=9800]
  0x0000006baf95d800 ConcurrentGCThread "G1 Refine#0" [stack: 0x0000006bcdfb0000,0x0000006bce0b0000] [id=1340]
  0x0000006baf95e800 ConcurrentGCThread "G1 Young RemSet Sampling" [stack: 0x0000006bce0b0000,0x0000006bce1b0000] [id=3108]

Threads with active compile tasks:
C2 CompilerThread01439   !   4       java.net.URL::<init> (543 bytes)
C1 CompilerThread01468       3       jdk.internal.org.objectweb.asm.MethodWriter::visitLabel (321 bytes)

VM state:not at safepoint (normal execution)

VM Mutex/Monitor currently owned by a thread: None

Heap address: 0x0000000081200000, size: 2030 MB, Compressed Oops mode: 32-bit
Narrow klass base: 0x0000000000000000, Narrow klass shift: 3
Compressed class space size: 1073741824 Address: 0x0000000100000000

Heap:
 garbage-first heap   total 131072K, used 13779K [0x0000000081200000, 0x0000000100000000)
  region size 1024K, 11 young (11264K), 5 survivors (5120K)
 Metaspace       used 22347K, capacity 22745K, committed 22784K, reserved 1069056K
  class space    used 2663K, capacity 2810K, committed 2816K, reserved 1048576K
Heap Regions: E=young(eden), S=young(survivor), O=old, HS=humongous(starts), HC=humongous(continues), CS=collection set, F=free, A=archive, TAMS=top-at-mark-start (previous, next)
|   0|0x0000000081200000, 0x0000000081300000, 0x0000000081300000|100%|HS|  |TAMS 0x0000000081300000, 0x0000000081200000| Complete 
|   1|0x0000000081300000, 0x0000000081400000, 0x0000000081400000|100%| O|  |TAMS 0x0000000081400000, 0x0000000081300000| Untracked 
|   2|0x0000000081400000, 0x0000000081500000, 0x0000000081500000|100%| O|  |TAMS 0x0000000081500000, 0x0000000081400000| Untracked 
|   3|0x0000000081500000, 0x00000000815b4a00, 0x0000000081600000| 70%| O|  |TAMS 0x00000000815b4a00, 0x0000000081500000| Untracked 
|   4|0x0000000081600000, 0x0000000081600000, 0x0000000081700000|  0%| F|  |TAMS 0x0000000081600000, 0x0000000081600000| Untracked 
|   5|0x0000000081700000, 0x0000000081700000, 0x0000000081800000|  0%| F|  |TAMS 0x0000000081700000, 0x0000000081700000| Untracked 
|   6|0x0000000081800000, 0x0000000081800000, 0x0000000081900000|  0%| F|  |TAMS 0x0000000081800000, 0x0000000081800000| Untracked 
|   7|0x0000000081900000, 0x0000000081900000, 0x0000000081a00000|  0%| F|  |TAMS 0x0000000081900000, 0x0000000081900000| Untracked 
|   8|0x0000000081a00000, 0x0000000081a00000, 0x0000000081b00000|  0%| F|  |TAMS 0x0000000081a00000, 0x0000000081a00000| Untracked 
|   9|0x0000000081b00000, 0x0000000081b00000, 0x0000000081c00000|  0%| F|  |TAMS 0x0000000081b00000, 0x0000000081b00000| Untracked 
|  10|0x0000000081c00000, 0x0000000081c00000, 0x0000000081d00000|  0%| F|  |TAMS 0x0000000081c00000, 0x0000000081c00000| Untracked 
|  11|0x0000000081d00000, 0x0000000081d00000, 0x0000000081e00000|  0%| F|  |TAMS 0x0000000081d00000, 0x0000000081d00000| Untracked 
|  12|0x0000000081e00000, 0x0000000081e00000, 0x0000000081f00000|  0%| F|  |TAMS 0x0000000081e00000, 0x0000000081e00000| Untracked 
|  13|0x0000000081f00000, 0x0000000081f00000, 0x0000000082000000|  0%| F|  |TAMS 0x0000000081f00000, 0x0000000081f00000| Untracked 
|  14|0x0000000082000000, 0x0000000082000000, 0x0000000082100000|  0%| F|  |TAMS 0x0000000082000000, 0x0000000082000000| Untracked 
|  15|0x0000000082100000, 0x0000000082100000, 0x0000000082200000|  0%| F|  |TAMS 0x0000000082100000, 0x0000000082100000| Untracked 
|  16|0x0000000082200000, 0x0000000082200000, 0x0000000082300000|  0%| F|  |TAMS 0x0000000082200000, 0x0000000082200000| Untracked 
|  17|0x0000000082300000, 0x0000000082300000, 0x0000000082400000|  0%| F|  |TAMS 0x0000000082300000, 0x0000000082300000| Untracked 
|  18|0x0000000082400000, 0x0000000082400000, 0x0000000082500000|  0%| F|  |TAMS 0x0000000082400000, 0x0000000082400000| Untracked 
|  19|0x0000000082500000, 0x0000000082500000, 0x0000000082600000|  0%| F|  |TAMS 0x0000000082500000, 0x0000000082500000| Untracked 
|  20|0x0000000082600000, 0x0000000082600000, 0x0000000082700000|  0%| F|  |TAMS 0x0000000082600000, 0x0000000082600000| Untracked 
|  21|0x0000000082700000, 0x0000000082700000, 0x0000000082800000|  0%| F|  |TAMS 0x0000000082700000, 0x0000000082700000| Untracked 
|  22|0x0000000082800000, 0x0000000082800000, 0x0000000082900000|  0%| F|  |TAMS 0x0000000082800000, 0x0000000082800000| Untracked 
|  23|0x0000000082900000, 0x0000000082900000, 0x0000000082a00000|  0%| F|  |TAMS 0x0000000082900000, 0x0000000082900000| Untracked 
|  24|0x0000000082a00000, 0x0000000082a00000, 0x0000000082b00000|  0%| F|  |TAMS 0x0000000082a00000, 0x0000000082a00000| Untracked 
|  25|0x0000000082b00000, 0x0000000082b00000, 0x0000000082c00000|  0%| F|  |TAMS 0x0000000082b00000, 0x0000000082b00000| Untracked 
|  26|0x0000000082c00000, 0x0000000082c00000, 0x0000000082d00000|  0%| F|  |TAMS 0x0000000082c00000, 0x0000000082c00000| Untracked 
|  27|0x0000000082d00000, 0x0000000082d00000, 0x0000000082e00000|  0%| F|  |TAMS 0x0000000082d00000, 0x0000000082d00000| Untracked 
|  28|0x0000000082e00000, 0x0000000082e00000, 0x0000000082f00000|  0%| F|  |TAMS 0x0000000082e00000, 0x0000000082e00000| Untracked 
|  29|0x0000000082f00000, 0x0000000082f00000, 0x0000000083000000|  0%| F|  |TAMS 0x0000000082f00000, 0x0000000082f00000| Untracked 
|  30|0x0000000083000000, 0x0000000083000000, 0x0000000083100000|  0%| F|  |TAMS 0x0000000083000000, 0x0000000083000000| Untracked 
|  31|0x0000000083100000, 0x0000000083100000, 0x0000000083200000|  0%| F|  |TAMS 0x0000000083100000, 0x0000000083100000| Untracked 
|  32|0x0000000083200000, 0x0000000083200000, 0x0000000083300000|  0%| F|  |TAMS 0x0000000083200000, 0x0000000083200000| Untracked 
|  33|0x0000000083300000, 0x0000000083300000, 0x0000000083400000|  0%| F|  |TAMS 0x0000000083300000, 0x0000000083300000| Untracked 
|  34|0x0000000083400000, 0x0000000083400000, 0x0000000083500000|  0%| F|  |TAMS 0x0000000083400000, 0x0000000083400000| Untracked 
|  35|0x0000000083500000, 0x0000000083500000, 0x0000000083600000|  0%| F|  |TAMS 0x0000000083500000, 0x0000000083500000| Untracked 
|  36|0x0000000083600000, 0x0000000083600000, 0x0000000083700000|  0%| F|  |TAMS 0x0000000083600000, 0x0000000083600000| Untracked 
|  37|0x0000000083700000, 0x0000000083700000, 0x0000000083800000|  0%| F|  |TAMS 0x0000000083700000, 0x0000000083700000| Untracked 
|  38|0x0000000083800000, 0x0000000083800000, 0x0000000083900000|  0%| F|  |TAMS 0x0000000083800000, 0x0000000083800000| Untracked 
|  39|0x0000000083900000, 0x0000000083900000, 0x0000000083a00000|  0%| F|  |TAMS 0x0000000083900000, 0x0000000083900000| Untracked 
|  40|0x0000000083a00000, 0x0000000083a00000, 0x0000000083b00000|  0%| F|  |TAMS 0x0000000083a00000, 0x0000000083a00000| Untracked 
|  41|0x0000000083b00000, 0x0000000083b00000, 0x0000000083c00000|  0%| F|  |TAMS 0x0000000083b00000, 0x0000000083b00000| Untracked 
|  42|0x0000000083c00000, 0x0000000083c00000, 0x0000000083d00000|  0%| F|  |TAMS 0x0000000083c00000, 0x0000000083c00000| Untracked 
|  43|0x0000000083d00000, 0x0000000083d00000, 0x0000000083e00000|  0%| F|  |TAMS 0x0000000083d00000, 0x0000000083d00000| Untracked 
|  44|0x0000000083e00000, 0x0000000083e00000, 0x0000000083f00000|  0%| F|  |TAMS 0x0000000083e00000, 0x0000000083e00000| Untracked 
|  45|0x0000000083f00000, 0x0000000083f00000, 0x0000000084000000|  0%| F|  |TAMS 0x0000000083f00000, 0x0000000083f00000| Untracked 
|  46|0x0000000084000000, 0x0000000084000000, 0x0000000084100000|  0%| F|  |TAMS 0x0000000084000000, 0x0000000084000000| Untracked 
|  47|0x0000000084100000, 0x0000000084100000, 0x0000000084200000|  0%| F|  |TAMS 0x0000000084100000, 0x0000000084100000| Untracked 
|  48|0x0000000084200000, 0x0000000084200000, 0x0000000084300000|  0%| F|  |TAMS 0x0000000084200000, 0x0000000084200000| Untracked 
|  49|0x0000000084300000, 0x00000000843c0398, 0x0000000084400000| 75%| S|CS|TAMS 0x0000000084300000, 0x0000000084300000| Complete 
|  50|0x0000000084400000, 0x0000000084500000, 0x0000000084500000|100%| S|CS|TAMS 0x0000000084400000, 0x0000000084400000| Complete 
|  51|0x0000000084500000, 0x0000000084600000, 0x0000000084600000|100%| S|CS|TAMS 0x0000000084500000, 0x0000000084500000| Complete 
|  52|0x0000000084600000, 0x0000000084700000, 0x0000000084700000|100%| S|CS|TAMS 0x0000000084600000, 0x0000000084600000| Complete 
|  53|0x0000000084700000, 0x0000000084800000, 0x0000000084800000|100%| S|CS|TAMS 0x0000000084700000, 0x0000000084700000| Complete 
|  54|0x0000000084800000, 0x0000000084800000, 0x0000000084900000|  0%| F|  |TAMS 0x0000000084800000, 0x0000000084800000| Untracked 
|  55|0x0000000084900000, 0x0000000084900000, 0x0000000084a00000|  0%| F|  |TAMS 0x0000000084900000, 0x0000000084900000| Untracked 
|  56|0x0000000084a00000, 0x0000000084a00000, 0x0000000084b00000|  0%| F|  |TAMS 0x0000000084a00000, 0x0000000084a00000| Untracked 
|  57|0x0000000084b00000, 0x0000000084b00000, 0x0000000084c00000|  0%| F|  |TAMS 0x0000000084b00000, 0x0000000084b00000| Untracked 
|  58|0x0000000084c00000, 0x0000000084c00000, 0x0000000084d00000|  0%| F|  |TAMS 0x0000000084c00000, 0x0000000084c00000| Untracked 
|  59|0x0000000084d00000, 0x0000000084d00000, 0x0000000084e00000|  0%| F|  |TAMS 0x0000000084d00000, 0x0000000084d00000| Untracked 
|  60|0x0000000084e00000, 0x0000000084e00000, 0x0000000084f00000|  0%| F|  |TAMS 0x0000000084e00000, 0x0000000084e00000| Untracked 
|  61|0x0000000084f00000, 0x0000000084f00000, 0x0000000085000000|  0%| F|  |TAMS 0x0000000084f00000, 0x0000000084f00000| Untracked 
|  62|0x0000000085000000, 0x0000000085000000, 0x0000000085100000|  0%| F|  |TAMS 0x0000000085000000, 0x0000000085000000| Untracked 
|  63|0x0000000085100000, 0x0000000085100000, 0x0000000085200000|  0%| F|  |TAMS 0x0000000085100000, 0x0000000085100000| Untracked 
|  64|0x0000000085200000, 0x0000000085200000, 0x0000000085300000|  0%| F|  |TAMS 0x0000000085200000, 0x0000000085200000| Untracked 
|  65|0x0000000085300000, 0x0000000085300000, 0x0000000085400000|  0%| F|  |TAMS 0x0000000085300000, 0x0000000085300000| Untracked 
|  66|0x0000000085400000, 0x0000000085400000, 0x0000000085500000|  0%| F|  |TAMS 0x0000000085400000, 0x0000000085400000| Untracked 
|  67|0x0000000085500000, 0x0000000085500000, 0x0000000085600000|  0%| F|  |TAMS 0x0000000085500000, 0x0000000085500000| Untracked 
|  68|0x0000000085600000, 0x0000000085600000, 0x0000000085700000|  0%| F|  |TAMS 0x0000000085600000, 0x0000000085600000| Untracked 
|  69|0x0000000085700000, 0x0000000085700000, 0x0000000085800000|  0%| F|  |TAMS 0x0000000085700000, 0x0000000085700000| Untracked 
|  70|0x0000000085800000, 0x0000000085800000, 0x0000000085900000|  0%| F|  |TAMS 0x0000000085800000, 0x0000000085800000| Untracked 
|  71|0x0000000085900000, 0x0000000085900000, 0x0000000085a00000|  0%| F|  |TAMS 0x0000000085900000, 0x0000000085900000| Untracked 
|  72|0x0000000085a00000, 0x0000000085a00000, 0x0000000085b00000|  0%| F|  |TAMS 0x0000000085a00000, 0x0000000085a00000| Untracked 
|  73|0x0000000085b00000, 0x0000000085b00000, 0x0000000085c00000|  0%| F|  |TAMS 0x0000000085b00000, 0x0000000085b00000| Untracked 
|  74|0x0000000085c00000, 0x0000000085c00000, 0x0000000085d00000|  0%| F|  |TAMS 0x0000000085c00000, 0x0000000085c00000| Untracked 
|  75|0x0000000085d00000, 0x0000000085d00000, 0x0000000085e00000|  0%| F|  |TAMS 0x0000000085d00000, 0x0000000085d00000| Untracked 
|  76|0x0000000085e00000, 0x0000000085e00000, 0x0000000085f00000|  0%| F|  |TAMS 0x0000000085e00000, 0x0000000085e00000| Untracked 
|  77|0x0000000085f00000, 0x0000000085f00000, 0x0000000086000000|  0%| F|  |TAMS 0x0000000085f00000, 0x0000000085f00000| Untracked 
|  78|0x0000000086000000, 0x0000000086000000, 0x0000000086100000|  0%| F|  |TAMS 0x0000000086000000, 0x0000000086000000| Untracked 
|  79|0x0000000086100000, 0x0000000086100000, 0x0000000086200000|  0%| F|  |TAMS 0x0000000086100000, 0x0000000086100000| Untracked 
|  80|0x0000000086200000, 0x0000000086200000, 0x0000000086300000|  0%| F|  |TAMS 0x0000000086200000, 0x0000000086200000| Untracked 
|  81|0x0000000086300000, 0x0000000086300000, 0x0000000086400000|  0%| F|  |TAMS 0x0000000086300000, 0x0000000086300000| Untracked 
|  82|0x0000000086400000, 0x0000000086400000, 0x0000000086500000|  0%| F|  |TAMS 0x0000000086400000, 0x0000000086400000| Untracked 
|  83|0x0000000086500000, 0x0000000086500000, 0x0000000086600000|  0%| F|  |TAMS 0x0000000086500000, 0x0000000086500000| Untracked 
|  84|0x0000000086600000, 0x0000000086600000, 0x0000000086700000|  0%| F|  |TAMS 0x0000000086600000, 0x0000000086600000| Untracked 
|  85|0x0000000086700000, 0x0000000086700000, 0x0000000086800000|  0%| F|  |TAMS 0x0000000086700000, 0x0000000086700000| Untracked 
|  86|0x0000000086800000, 0x0000000086800000, 0x0000000086900000|  0%| F|  |TAMS 0x0000000086800000, 0x0000000086800000| Untracked 
|  87|0x0000000086900000, 0x0000000086900000, 0x0000000086a00000|  0%| F|  |TAMS 0x0000000086900000, 0x0000000086900000| Untracked 
|  88|0x0000000086a00000, 0x0000000086a00000, 0x0000000086b00000|  0%| F|  |TAMS 0x0000000086a00000, 0x0000000086a00000| Untracked 
|  89|0x0000000086b00000, 0x0000000086b00000, 0x0000000086c00000|  0%| F|  |TAMS 0x0000000086b00000, 0x0000000086b00000| Untracked 
|  90|0x0000000086c00000, 0x0000000086c00000, 0x0000000086d00000|  0%| F|  |TAMS 0x0000000086c00000, 0x0000000086c00000| Untracked 
|  91|0x0000000086d00000, 0x0000000086d00000, 0x0000000086e00000|  0%| F|  |TAMS 0x0000000086d00000, 0x0000000086d00000| Untracked 
|  92|0x0000000086e00000, 0x0000000086e00000, 0x0000000086f00000|  0%| F|  |TAMS 0x0000000086e00000, 0x0000000086e00000| Untracked 
|  93|0x0000000086f00000, 0x0000000086f00000, 0x0000000087000000|  0%| F|  |TAMS 0x0000000086f00000, 0x0000000086f00000| Untracked 
|  94|0x0000000087000000, 0x0000000087000000, 0x0000000087100000|  0%| F|  |TAMS 0x0000000087000000, 0x0000000087000000| Untracked 
|  95|0x0000000087100000, 0x0000000087100000, 0x0000000087200000|  0%| F|  |TAMS 0x0000000087100000, 0x0000000087100000| Untracked 
|  96|0x0000000087200000, 0x0000000087200000, 0x0000000087300000|  0%| F|  |TAMS 0x0000000087200000, 0x0000000087200000| Untracked 
|  97|0x0000000087300000, 0x0000000087300000, 0x0000000087400000|  0%| F|  |TAMS 0x0000000087300000, 0x0000000087300000| Untracked 
|  98|0x0000000087400000, 0x0000000087400000, 0x0000000087500000|  0%| F|  |TAMS 0x0000000087400000, 0x0000000087400000| Untracked 
|  99|0x0000000087500000, 0x0000000087500000, 0x0000000087600000|  0%| F|  |TAMS 0x0000000087500000, 0x0000000087500000| Untracked 
| 100|0x0000000087600000, 0x0000000087600000, 0x0000000087700000|  0%| F|  |TAMS 0x0000000087600000, 0x0000000087600000| Untracked 
| 101|0x0000000087700000, 0x0000000087700000, 0x0000000087800000|  0%| F|  |TAMS 0x0000000087700000, 0x0000000087700000| Untracked 
| 102|0x0000000087800000, 0x0000000087800000, 0x0000000087900000|  0%| F|  |TAMS 0x0000000087800000, 0x0000000087800000| Untracked 
| 103|0x0000000087900000, 0x0000000087900000, 0x0000000087a00000|  0%| F|  |TAMS 0x0000000087900000, 0x0000000087900000| Untracked 
| 104|0x0000000087a00000, 0x0000000087a00000, 0x0000000087b00000|  0%| F|  |TAMS 0x0000000087a00000, 0x0000000087a00000| Untracked 
| 105|0x0000000087b00000, 0x0000000087b00000, 0x0000000087c00000|  0%| F|  |TAMS 0x0000000087b00000, 0x0000000087b00000| Untracked 
| 106|0x0000000087c00000, 0x0000000087c00000, 0x0000000087d00000|  0%| F|  |TAMS 0x0000000087c00000, 0x0000000087c00000| Untracked 
| 107|0x0000000087d00000, 0x0000000087d00000, 0x0000000087e00000|  0%| F|  |TAMS 0x0000000087d00000, 0x0000000087d00000| Untracked 
| 108|0x0000000087e00000, 0x0000000087e00000, 0x0000000087f00000|  0%| F|  |TAMS 0x0000000087e00000, 0x0000000087e00000| Untracked 
| 109|0x0000000087f00000, 0x0000000087f00000, 0x0000000088000000|  0%| F|  |TAMS 0x0000000087f00000, 0x0000000087f00000| Untracked 
| 110|0x0000000088000000, 0x0000000088000000, 0x0000000088100000|  0%| F|  |TAMS 0x0000000088000000, 0x0000000088000000| Untracked 
| 111|0x0000000088100000, 0x0000000088100000, 0x0000000088200000|  0%| F|  |TAMS 0x0000000088100000, 0x0000000088100000| Untracked 
| 112|0x0000000088200000, 0x0000000088200000, 0x0000000088300000|  0%| F|  |TAMS 0x0000000088200000, 0x0000000088200000| Untracked 
| 113|0x0000000088300000, 0x0000000088300000, 0x0000000088400000|  0%| F|  |TAMS 0x0000000088300000, 0x0000000088300000| Untracked 
| 114|0x0000000088400000, 0x0000000088400000, 0x0000000088500000|  0%| F|  |TAMS 0x0000000088400000, 0x0000000088400000| Untracked 
| 115|0x0000000088500000, 0x0000000088500000, 0x0000000088600000|  0%| F|  |TAMS 0x0000000088500000, 0x0000000088500000| Untracked 
| 116|0x0000000088600000, 0x0000000088600000, 0x0000000088700000|  0%| F|  |TAMS 0x0000000088600000, 0x0000000088600000| Untracked 
| 117|0x0000000088700000, 0x0000000088700000, 0x0000000088800000|  0%| F|  |TAMS 0x0000000088700000, 0x0000000088700000| Untracked 
| 118|0x0000000088800000, 0x0000000088800000, 0x0000000088900000|  0%| F|  |TAMS 0x0000000088800000, 0x0000000088800000| Untracked 
| 119|0x0000000088900000, 0x0000000088900000, 0x0000000088a00000|  0%| F|  |TAMS 0x0000000088900000, 0x0000000088900000| Untracked 
| 120|0x0000000088a00000, 0x0000000088a00000, 0x0000000088b00000|  0%| F|  |TAMS 0x0000000088a00000, 0x0000000088a00000| Untracked 
| 121|0x0000000088b00000, 0x0000000088b00000, 0x0000000088c00000|  0%| F|  |TAMS 0x0000000088b00000, 0x0000000088b00000| Untracked 
| 122|0x0000000088c00000, 0x0000000088c80800, 0x0000000088d00000| 50%| E|  |TAMS 0x0000000088c00000, 0x0000000088c00000| Complete 
| 123|0x0000000088d00000, 0x0000000088e00000, 0x0000000088e00000|100%| E|CS|TAMS 0x0000000088d00000, 0x0000000088d00000| Complete 
| 124|0x0000000088e00000, 0x0000000088f00000, 0x0000000088f00000|100%| E|CS|TAMS 0x0000000088e00000, 0x0000000088e00000| Complete 
| 125|0x0000000088f00000, 0x0000000089000000, 0x0000000089000000|100%| E|CS|TAMS 0x0000000088f00000, 0x0000000088f00000| Complete 
| 126|0x0000000089000000, 0x0000000089100000, 0x0000000089100000|100%| E|CS|TAMS 0x0000000089000000, 0x0000000089000000| Complete 
| 127|0x0000000089100000, 0x0000000089200000, 0x0000000089200000|100%| E|CS|TAMS 0x0000000089100000, 0x0000000089100000| Complete 

Card table byte_map: [0x0000006bc6ff0000,0x0000006bc73f0000] _byte_map_base: 0x0000006bc6be7000

Marking Bits (Prev, Next): (CMBitMap*) 0x0000006baf8f8020, (CMBitMap*) 0x0000006baf8f7fe8
 Prev Bits: [0x0000006bc97b0000, 0x0000006bcb768000)
 Next Bits: [0x0000006bc77f0000, 0x0000006bc97a8000)

Polling page: 0x0000006bad6e0000

Metaspace:

Usage:
  Non-class:     19.47 MB capacity,    19.23 MB ( 99%) used,   218.09 KB (  1%) free+waste,    34.00 KB ( <1%) overhead. 
      Class:      2.75 MB capacity,     2.60 MB ( 95%) used,   132.17 KB (  5%) free+waste,    15.44 KB ( <1%) overhead. 
       Both:     22.22 MB capacity,    21.83 MB ( 98%) used,   350.27 KB (  2%) free+waste,    49.44 KB ( <1%) overhead. 

Virtual space:
  Non-class space:       20.00 MB reserved,      19.50 MB ( 98%) committed 
      Class space:        1.00 GB reserved,       2.75 MB ( <1%) committed 
             Both:        1.02 GB reserved,      22.25 MB (  2%) committed 

Chunk freelists:
   Non-Class:  3.63 KB
       Class:  512 bytes
        Both:  4.13 KB

CodeHeap 'non-profiled nmethods': size=120064Kb used=538Kb max_used=538Kb free=119526Kb
 bounds [0x0000006bbf6b0000, 0x0000006bbf920000, 0x0000006bc6bf0000]
CodeHeap 'profiled nmethods': size=120000Kb used=2865Kb max_used=2865Kb free=117134Kb
 bounds [0x0000006bb8180000, 0x0000006bb8450000, 0x0000006bbf6b0000]
CodeHeap 'non-nmethods': size=5696Kb used=1116Kb max_used=1130Kb free=4579Kb
 bounds [0x0000006bb7bf0000, 0x0000006bb7e60000, 0x0000006bb8180000]
 total_blobs=2232 nmethods=1466 adapters=349
 compilation: enabled
              stopped_count=0, restarted_count=0
 full_count=0

Compilation events (10 events):
Event: 4.520 Thread 0x0000006bcea69800 1451       3       java.util.jar.JavaUtilJarAccessImpl::getTrustedAttributes (6 bytes)
Event: 4.520 Thread 0x0000006bcea69800 nmethod 1451 0x0000006bb8442010 code [0x0000006bb84421c0, 0x0000006bb8442370]
Event: 4.541 Thread 0x0000006bcea69800 1453       3       java.lang.PublicMethods$MethodList::merge (192 bytes)
Event: 4.542 Thread 0x0000006bcea69800 nmethod 1453 0x0000006bb8442490 code [0x0000006bb8442700, 0x0000006bb84431f0]
Event: 4.542 Thread 0x0000006bcea69800 1454       3       java.lang.PublicMethods$MethodList::length (24 bytes)
Event: 4.542 Thread 0x0000006bcea69800 nmethod 1454 0x0000006bb8443590 code [0x0000006bb8443740, 0x0000006bb8443958]
Event: 4.542 Thread 0x0000006bcea69800 1455       3       org.jboss.logging.JDKLogger::translate (27 bytes)
Event: 4.542 Thread 0x0000006bcea69800 nmethod 1455 0x0000006bb8443a90 code [0x0000006bb8443c60, 0x0000006bb8443e90]
Event: 4.546 Thread 0x0000006bcea69800 1456       3       org.jboss.logging.JDKLogger::isEnabled (12 bytes)
Event: 4.547 Thread 0x0000006bcea69800 nmethod 1456 0x0000006bb8443f10 code [0x0000006bb8444100, 0x0000006bb8444530]

GC Heap History (4 events):
Event: 1.310 GC heap before
{Heap before GC invocations=0 (full 0):
 garbage-first heap   total 131072K, used 14336K [0x0000000081200000, 0x0000000100000000)
  region size 1024K, 14 young (14336K), 0 survivors (0K)
 Metaspace       used 6633K, capacity 6737K, committed 6784K, reserved 1056768K
  class space    used 580K, capacity 604K, committed 640K, reserved 1048576K
}
Event: 1.344 GC heap after
{Heap after GC invocations=1 (full 0):
 garbage-first heap   total 131072K, used 5842K [0x0000000081200000, 0x0000000100000000)
  region size 1024K, 2 young (2048K), 2 survivors (2048K)
 Metaspace       used 6633K, capacity 6737K, committed 6784K, reserved 1056768K
  class space    used 580K, capacity 604K, committed 640K, reserved 1048576K
}
Event: 4.342 GC heap before
{Heap before GC invocations=1 (full 0):
 garbage-first heap   total 131072K, used 77522K [0x0000000081200000, 0x0000000100000000)
  region size 1024K, 74 young (75776K), 2 survivors (2048K)
 Metaspace       used 20947K, capacity 21168K, committed 21248K, reserved 1069056K
  class space    used 2440K, capacity 2536K, committed 2560K, reserved 1048576K
}
Event: 4.355 GC heap after
{Heap after GC invocations=2 (full 0):
 garbage-first heap   total 131072K, used 8659K [0x0000000081200000, 0x0000000100000000)
  region size 1024K, 5 young (5120K), 5 survivors (5120K)
 Metaspace       used 20947K, capacity 21168K, committed 21248K, reserved 1069056K
  class space    used 2440K, capacity 2536K, committed 2560K, reserved 1048576K
}

Deoptimization events (10 events):
Event: 2.550 Thread 0x0000006baf8bb000 Uncommon trap: reason=class_check action=maybe_recompile pc=0x0000006bbf6d3228 method=java.util.HashMap.putVal(ILjava/lang/Object;Ljava/lang/Object;ZZ)Ljava/lang/Object; @ 91 c2
Event: 2.551 Thread 0x0000006baf8bb000 Uncommon trap: reason=class_check action=maybe_recompile pc=0x0000006bbf6d3228 method=java.util.HashMap.putVal(ILjava/lang/Object;Ljava/lang/Object;ZZ)Ljava/lang/Object; @ 91 c2
Event: 2.551 Thread 0x0000006baf8bb000 Uncommon trap: reason=class_check action=maybe_recompile pc=0x0000006bbf6d3228 method=java.util.HashMap.putVal(ILjava/lang/Object;Ljava/lang/Object;ZZ)Ljava/lang/Object; @ 91 c2
Event: 2.772 Thread 0x0000006baf8bb000 Uncommon trap: reason=unstable_if action=reinterpret pc=0x0000006bbf6fbab4 method=java.util.HashMap.getNode(ILjava/lang/Object;)Ljava/util/HashMap$Node; @ 129 c2
Event: 2.807 Thread 0x0000006baf8bb000 Uncommon trap: reason=unstable_if action=reinterpret pc=0x0000006bbf6fd964 method=sun.net.www.ParseUtil.firstEncodeIndex(Ljava/lang/String;)I @ 73 c2
Event: 3.090 Thread 0x0000006baf8bb000 Uncommon trap: reason=unstable_if action=reinterpret pc=0x0000006bbf6fcffc method=java.util.HashMap.hash(Ljava/lang/Object;)I @ 1 c2
Event: 3.687 Thread 0x0000006baf8bb000 Uncommon trap: reason=unstable_if action=reinterpret pc=0x0000006bbf704874 method=java.util.concurrent.ConcurrentHashMap.putVal(Ljava/lang/Object;Ljava/lang/Object;Z)Ljava/lang/Object; @ 148 c2
Event: 3.928 Thread 0x0000006baf8bb000 Uncommon trap: reason=unstable_if action=reinterpret pc=0x0000006bbf70197c method=java.util.concurrent.ConcurrentHashMap.get(Ljava/lang/Object;)Ljava/lang/Object; @ 76 c2
Event: 4.217 Thread 0x0000006baf8bb000 Uncommon trap: reason=unstable_if action=reinterpret pc=0x0000006bbf6ffb54 method=java.io.WinNTFileSystem.normalize(Ljava/lang/String;)Ljava/lang/String; @ 128 c2
Event: 4.373 Thread 0x0000006baf8bb000 Uncommon trap: reason=unstable_if action=reinterpret pc=0x0000006bbf72c744 method=java.util.concurrent.ConcurrentHashMap.addCount(JI)V @ 121 c2

Classes redefined (0 events):
No events

Internal exceptions (10 events):
Event: 2.903 Thread 0x0000006baf8bb000 Exception <a 'java/lang/NoSuchMethodError'{0x0000000085e4eca0}: java.lang.invoke.DirectMethodHandle$Holder.invokeStatic(Ljava/lang/Object;Ljava/lang/Object;Ljava/lang/Object;Ljava/lang/Object;Ljava/lang/Object;Ljava/lang/Object;Ljava/lang/Object;Ljava/lan
Event: 2.909 Thread 0x0000006baf8bb000 Exception <a 'java/lang/NoSuchMethodError'{0x0000000085e5c908}: java.lang.invoke.DirectMethodHandle$Holder.invokeSpecial(Ljava/lang/Object;Ljava/lang/Object;IILjava/lang/Object;Ljava/lang/Object;Ljava/lang/Object;)Ljava/lang/Object;> (0x0000000085e5c908) 
Event: 2.909 Thread 0x0000006baf8bb000 Exception <a 'java/lang/NoSuchMethodError'{0x0000000085e5fe90}: java.lang.invoke.DelegatingMethodHandle$Holder.reinvoke_L(Ljava/lang/Object;IILjava/lang/Object;Ljava/lang/Object;Ljava/lang/Object;)Ljava/lang/Object;> (0x0000000085e5fe90) thrown at [t:/wor
Event: 2.910 Thread 0x0000006baf8bb000 Exception <a 'java/lang/NoSuchMethodError'{0x0000000085e64218}: java.lang.invoke.DirectMethodHandle$Holder.invokeStatic(Ljava/lang/Object;Ljava/lang/Object;Ljava/lang/Object;Ljava/lang/Object;I)Ljava/lang/Object;> (0x0000000085e64218) thrown at [t:/worksp
Event: 3.045 Thread 0x0000006baf8bb000 Exception <a 'java/lang/NullPointerException'{0x0000000085a81f88}> (0x0000000085a81f88) thrown at [t:/workspace/open/src/hotspot/share/interpreter/linkResolver.cpp, line 1436]
Event: 3.090 Thread 0x0000006baf8bb000 Implicit null exception at 0x0000006bbf6fc181 to 0x0000006bbf6fcfe2
Event: 3.564 Thread 0x0000006baf8bb000 Exception <a 'java/lang/NoSuchMethodError'{0x00000000850528f0}: java.lang.invoke.DirectMethodHandle$Holder.invokeSpecialIFC(Ljava/lang/Object;Ljava/lang/Object;I)I> (0x00000000850528f0) thrown at [t:/workspace/open/src/hotspot/share/interpreter/linkResolv
Event: 3.574 Thread 0x0000006baf8bb000 Exception <a 'java/lang/ClassNotFoundException'{0x0000000085065478}: com/sun/org/apache/xerces/internal/impl/xpath/regex/spi/messageProvider> (0x0000000085065478) thrown at [t:/workspace/open/src/hotspot/share/classfile/systemDictionary.cpp, line 231]
Event: 4.061 Thread 0x0000006baf8bb000 Exception <a 'java/lang/NoSuchMethodError'{0x0000000084b1e1e0}: java.lang.invoke.DirectMethodHandle$Holder.invokeStaticInit(Ljava/lang/Object;IIII)Ljava/lang/Object;> (0x0000000084b1e1e0) thrown at [t:/workspace/open/src/hotspot/share/interpreter/linkReso
Event: 4.255 Thread 0x0000006baf8bb000 Exception <a 'java/lang/NoSuchMethodError'{0x0000000084bec8f8}: java.lang.invoke.DirectMethodHandle$Holder.invokeStaticInit(Ljava/lang/Object;Ljava/lang/Object;IIII)Ljava/lang/Object;> (0x0000000084bec8f8) thrown at [t:/workspace/open/src/hotspot/share/in

Events (10 events):
Event: 4.547 loading class org/hibernate/service/UnknownUnwrapTypeException
Event: 4.547 loading class org/hibernate/service/UnknownUnwrapTypeException done
Event: 4.548 loading class org/hibernate/internal/log/ConnectionPoolingLogger
Event: 4.548 loading class org/hibernate/internal/log/ConnectionPoolingLogger done
Event: 4.548 loading class org/hibernate/internal/log/ConnectionPoolingLogger_$logger_en_US
Event: 4.548 loading class org/hibernate/internal/log/ConnectionPoolingLogger_$logger_en_US done
Event: 4.549 loading class org/hibernate/internal/log/ConnectionPoolingLogger_$logger_en
Event: 4.549 loading class org/hibernate/internal/log/ConnectionPoolingLogger_$logger_en done
Event: 4.549 loading class org/hibernate/internal/log/ConnectionPoolingLogger_$logger
Event: 4.549 loading class org/hibernate/internal/log/ConnectionPoolingLogger_$logger done


Dynamic libraries:
0x00007ff65a150000 - 0x00007ff65a197000 	C:\Program Files\Java\jdk-11.0.5\bin\java.exe
0x00007ffe78b10000 - 0x00007ffe78cba000 	C:\windows\SYSTEM32\ntdll.dll
0x00007ffe78530000 - 0x00007ffe7866a000 	C:\windows\system32\KERNEL32.DLL
0x00007ffe76130000 - 0x00007ffe7623f000 	C:\windows\system32\KERNELBASE.dll
0x00007ffe78a60000 - 0x00007ffe78b05000 	C:\windows\system32\ADVAPI32.dll
0x00007ffe77be0000 - 0x00007ffe77d51000 	C:\windows\system32\USER32.dll
0x00007ffe729d0000 - 0x00007ffe72c2a000 	C:\windows\WinSxS\amd64_microsoft.windows.common-controls_6595b64144ccf1df_6.0.9600.17031_none_6242a4b3ecbb55a1\COMCTL32.dll
0x00007ffe74f40000 - 0x00007ffe74f4a000 	C:\windows\SYSTEM32\VERSION.dll
0x00007ffe77d60000 - 0x00007ffe77e07000 	C:\windows\system32\msvcrt.dll
0x00007ffe763f0000 - 0x00007ffe76447000 	C:\windows\SYSTEM32\sechost.dll
0x00007ffe78160000 - 0x00007ffe78296000 	C:\windows\system32\RPCRT4.dll
0x00007ffe782d0000 - 0x00007ffe78415000 	C:\windows\system32\GDI32.dll
0x00007ffe76780000 - 0x00007ffe767b4000 	C:\windows\system32\IMM32.DLL
0x00007ffe76450000 - 0x00007ffe76589000 	C:\windows\system32\MSCTF.dll
0x00007ffe710c0000 - 0x00007ffe710d6000 	C:\Program Files\Java\jdk-11.0.5\bin\vcruntime140.dll
0x00007ffe718f0000 - 0x00007ffe718f4000 	C:\Program Files\Java\jdk-11.0.5\bin\api-ms-win-crt-runtime-l1-1-0.dll
0x00007ffe71320000 - 0x00007ffe71324000 	C:\Program Files\Java\jdk-11.0.5\bin\api-ms-win-crt-string-l1-1-0.dll
0x00007ffe710b0000 - 0x00007ffe710b3000 	C:\Program Files\Java\jdk-11.0.5\bin\api-ms-win-crt-heap-l1-1-0.dll
0x00007ffe6ef20000 - 0x00007ffe6ef24000 	C:\Program Files\Java\jdk-11.0.5\bin\api-ms-win-crt-stdio-l1-1-0.dll
0x00007ffe6ef10000 - 0x00007ffe6ef14000 	C:\Program Files\Java\jdk-11.0.5\bin\api-ms-win-crt-convert-l1-1-0.dll
0x00007ffe5f470000 - 0x00007ffe5f566000 	C:\Program Files\Java\jdk-11.0.5\bin\ucrtbase.DLL
0x00007ffe6e1f0000 - 0x00007ffe6e29a000 	C:\Program Files\Java\jdk-11.0.5\bin\msvcp140.dll
0x00007ffe6ef00000 - 0x00007ffe6ef03000 	C:\Program Files\Java\jdk-11.0.5\bin\api-ms-win-crt-locale-l1-1-0.dll
0x00007ffe6eef0000 - 0x00007ffe6eef5000 	C:\Program Files\Java\jdk-11.0.5\bin\api-ms-win-crt-math-l1-1-0.dll
0x00007ffe6eee0000 - 0x00007ffe6eee5000 	C:\Program Files\Java\jdk-11.0.5\bin\api-ms-win-crt-multibyte-l1-1-0.dll
0x00007ffe6e8a0000 - 0x00007ffe6e8a3000 	C:\Program Files\Java\jdk-11.0.5\bin\api-ms-win-crt-time-l1-1-0.dll
0x00007ffe6e890000 - 0x00007ffe6e893000 	C:\Program Files\Java\jdk-11.0.5\bin\api-ms-win-crt-filesystem-l1-1-0.dll
0x00007ffe6e1e0000 - 0x00007ffe6e1e3000 	C:\Program Files\Java\jdk-11.0.5\bin\api-ms-win-crt-environment-l1-1-0.dll
0x00007ffe6e1d0000 - 0x00007ffe6e1d3000 	C:\Program Files\Java\jdk-11.0.5\bin\api-ms-win-crt-utility-l1-1-0.dll
0x00007ffe52c10000 - 0x00007ffe53738000 	C:\Program Files\Java\jdk-11.0.5\bin\server\jvm.dll
0x00007ffe62640000 - 0x00007ffe62649000 	C:\windows\SYSTEM32\WSOCK32.dll
0x00007ffe71c20000 - 0x00007ffe71c3f000 	C:\windows\SYSTEM32\WINMM.dll
0x00007ffe765f0000 - 0x00007ffe765f7000 	C:\windows\system32\PSAPI.DLL
0x00007ffe76590000 - 0x00007ffe765e8000 	C:\windows\system32\WS2_32.dll
0x00007ffe718c0000 - 0x00007ffe718ea000 	C:\windows\SYSTEM32\WINMMBASE.dll
0x00007ffe782c0000 - 0x00007ffe782c9000 	C:\windows\system32\NSI.dll
0x00007ffe76290000 - 0x00007ffe762da000 	C:\windows\SYSTEM32\cfgmgr32.dll
0x00007ffe74cc0000 - 0x00007ffe74ce6000 	C:\windows\SYSTEM32\DEVOBJ.dll
0x00007ffe6bbf0000 - 0x00007ffe6bc01000 	C:\Program Files\Java\jdk-11.0.5\bin\verify.dll
0x00007ffe4afb0000 - 0x00007ffe4b138000 	C:\windows\SYSTEM32\DBGHELP.DLL
0x00007ffe6bbc0000 - 0x00007ffe6bbe9000 	C:\Program Files\Java\jdk-11.0.5\bin\java.dll
0x00007ffe71110000 - 0x00007ffe7113f000 	C:\Program Files\Java\jdk-11.0.5\bin\instrument.dll
0x00007ffe6bba0000 - 0x00007ffe6bbb6000 	C:\Program Files\Java\jdk-11.0.5\bin\zip.dll
0x00007ffe6bb90000 - 0x00007ffe6bb9a000 	C:\Program Files\Java\jdk-11.0.5\bin\jimage.dll
0x00007ffe767c0000 - 0x00007ffe77bd7000 	C:\windows\system32\SHELL32.dll
0x00007ffe77e10000 - 0x00007ffe77fe6000 	C:\windows\SYSTEM32\combase.dll
0x00007ffe78420000 - 0x00007ffe78471000 	C:\windows\system32\SHLWAPI.dll
0x00007ffe73da0000 - 0x00007ffe73e3f000 	C:\windows\SYSTEM32\SHCORE.dll
0x00007ffe75e80000 - 0x00007ffe75e94000 	C:\windows\SYSTEM32\profapi.dll
0x00007ffe6bb70000 - 0x00007ffe6bb89000 	C:\Program Files\Java\jdk-11.0.5\bin\net.dll
0x00007ffe6e560000 - 0x00007ffe6e625000 	C:\windows\SYSTEM32\WINHTTP.dll
0x0000000180000000 - 0x000000018006d000 	C:\windows\system32\LavasoftTcpService64.dll
0x00007ffe756d0000 - 0x00007ffe75728000 	C:\windows\SYSTEM32\MSWSOCK.dll
0x00007ffe74f50000 - 0x00007ffe74f79000 	C:\windows\SYSTEM32\IPHLPAPI.DLL
0x00007ffe76600000 - 0x00007ffe76778000 	C:\windows\system32\ole32.dll
0x00007ffe77ff0000 - 0x00007ffe780a7000 	C:\windows\system32\OLEAUT32.dll
0x00007ffe74f30000 - 0x00007ffe74f3a000 	C:\windows\SYSTEM32\WINNSI.DLL
0x00007ffe75cc0000 - 0x00007ffe75ceb000 	C:\windows\SYSTEM32\SspiCli.dll
0x00007ffe74b30000 - 0x00007ffe74b3a000 	C:\windows\SYSTEM32\kernel.appcore.dll
0x00007ffe75d50000 - 0x00007ffe75d5a000 	C:\windows\SYSTEM32\CRYPTBASE.dll
0x00007ffe75cf0000 - 0x00007ffe75d50000 	C:\windows\SYSTEM32\bcryptPrimitives.dll
0x00007ffe6bb50000 - 0x00007ffe6bb63000 	C:\Program Files\Java\jdk-11.0.5\bin\nio.dll
0x00007ffe74b40000 - 0x00007ffe74c61000 	C:\windows\system32\uxtheme.dll
0x00007ffe71570000 - 0x00007ffe71608000 	C:\Program Files\Common Files\microsoft shared\ink\tiptsf.dll
0x00007ffe780b0000 - 0x00007ffe78154000 	C:\windows\SYSTEM32\clbcatq.dll
0x00007ffe757a0000 - 0x00007ffe757be000 	C:\windows\SYSTEM32\CRYPTSP.dll
0x00007ffe75210000 - 0x00007ffe75245000 	C:\windows\system32\rsaenh.dll
0x00007ffe75970000 - 0x00007ffe75996000 	C:\windows\SYSTEM32\bcrypt.dll
0x00007ffe75d60000 - 0x00007ffe75df7000 	C:\windows\SYSTEM32\sxs.dll
0x00007ffe609d0000 - 0x00007ffe609ea000 	C:\Program Files\JetBrains\IntelliJ IDEA 2019.3.3\bin\breakgen64.dll
0x00007ffe75740000 - 0x00007ffe7575e000 	C:\windows\SYSTEM32\USERENV.dll
0x00007ffe708e0000 - 0x00007ffe708f4000 	C:\windows\SYSTEM32\dhcpcsvc6.DLL
0x00007ffe70ac0000 - 0x00007ffe70ad9000 	C:\windows\SYSTEM32\dhcpcsvc.DLL

dbghelp: loaded successfully - version: 4.0.5 - missing functions: none
symbol engine: initialized successfully - sym options: 0x614 - pdb path: .;C:\Program Files\Java\jdk-11.0.5\bin;C:\windows\SYSTEM32;C:\windows\WinSxS\amd64_microsoft.windows.common-controls_6595b64144ccf1df_6.0.9600.17031_none_6242a4b3ecbb55a1;C:\Program Files\Java\jdk-11.0.5\bin\server;C:\Program Files\Common Files\microsoft shared\ink;C:\Program Files\JetBrains\IntelliJ IDEA 2019.3.3\bin

VM Arguments:
jvm_args: -javaagent:C:\Program Files\JetBrains\IntelliJ IDEA 2019.3.3\lib\idea_rt.jar=35578:C:\Program Files\JetBrains\IntelliJ IDEA 2019.3.3\bin -Dfile.encoding=UTF-8 
java_command: Server.main
java_class_path (initial): C:\Users\My Tablet\Downloads\daneshga\Term 2\AP\Project\Phase 2\new5\Java\candyMarket\target\classes;C:\JavaFxFiles\javafx-sdk-11.0.2\lib\src.zip;C:\JavaFxFiles\javafx-sdk-11.0.2\lib\javafx-swt.jar;C:\JavaFxFiles\javafx-sdk-11.0.2\lib\javafx.web.jar;C:\JavaFxFiles\javafx-sdk-11.0.2\lib\javafx.base.jar;C:\JavaFxFiles\javafx-sdk-11.0.2\lib\javafx.fxml.jar;C:\JavaFxFiles\javafx-sdk-11.0.2\lib\javafx.media.jar;C:\JavaFxFiles\javafx-sdk-11.0.2\lib\javafx.swing.jar;C:\JavaFxFiles\javafx-sdk-11.0.2\lib\javafx.controls.jar;C:\JavaFxFiles\javafx-sdk-11.0.2\lib\javafx.graphics.jar;C:\Users\My Tablet\.m2\repository\com\fasterxml\jackson\core\jackson-databind\2.10.0.pr2\jackson-databind-2.10.0.pr2.jar;C:\Users\My Tablet\.m2\repository\com\fasterxml\jackson\core\jackson-annotations\2.10.0.pr2\jackson-annotations-2.10.0.pr2.jar;C:\Users\My Tablet\.m2\repository\com\fasterxml\jackson\core\jackson-core\2.10.0.pr2\jackson-core-2.10.0.pr2.jar;C:\Users\My Tablet\.m2\repository\org\xerial\sqlite-jdbc\3.32.3\sqlite-jdbc-3.32.3.jar;C:\Users\My Tablet\.m2\repository\com\google\code\gson\gson\2.8.6\gson-2.8.6.jar;C:\Users\My Tablet\.m2\repository\junit\junit\4.13\junit-4.13.jar;C:\Users\My Tablet\.m2\repository\org\hamcrest\hamcrest-core\1.3\hamcrest-core-1.3.jar;C:\Users\My Tablet\.m2\repository\org\junit\jupiter\junit-jupiter\5.7.0-M1\junit-jupiter-5.7.0-M1.jar;C:\Users\My Tablet\.m2\repository\org\junit\jupiter\junit-jupiter-api\5.7.0-M1\junit-jupiter-api-5.7.0-M1.jar;C:\Users\My Tablet\.m2\repository\org\apiguardian\apiguardian-api\1.1.0\apiguardian-api-1.1.0.jar;C:\Users\My Tablet\.m2\repository\org\opentest4j\opentest4j\1.2.0\opentest4j-1.2.0.jar;C:\Users\My Tablet\.m2\repository\org\junit\platform\junit-platform-commons\1.7.0-M1\junit-platform-commons-1.7.0-M1.jar;C:\Users\My Tablet\.m2\repository\org\junit\jupiter\junit-jupiter-params\5.7.0-M1\junit-jupiter-params-5.7.0-M1.jar;C:\Users\My Tablet\.m2\repository\org\junit\jupiter\junit-jupiter-engine\5.7.
Launcher Type: SUN_STANDARD

[Global flags]
     intx CICompilerCount                          = 3                                         {product} {ergonomic}
     uint ConcGCThreads                            = 1                                         {product} {ergonomic}
     uint G1ConcRefinementThreads                  = 4                                         {product} {ergonomic}
   size_t G1HeapRegionSize                         = 1048576                                   {product} {ergonomic}
    uintx GCDrainStackTargetSize                   = 64                                        {product} {ergonomic}
   size_t InitialHeapSize                          = 134217728                                 {product} {ergonomic}
   size_t MarkStackSize                            = 4194304                                   {product} {ergonomic}
   size_t MaxHeapSize                              = 2128609280                                {product} {ergonomic}
   size_t MaxNewSize                               = 1277165568                                {product} {ergonomic}
   size_t MinHeapDeltaBytes                        = 1048576                                   {product} {ergonomic}
    uintx NonNMethodCodeHeapSize                   = 5830732                                {pd product} {ergonomic}
    uintx NonProfiledCodeHeapSize                  = 122913754                              {pd product} {ergonomic}
    uintx ProfiledCodeHeapSize                     = 122913754                              {pd product} {ergonomic}
    uintx ReservedCodeCacheSize                    = 251658240                              {pd product} {ergonomic}
     bool SegmentedCodeCache                       = true                                      {product} {ergonomic}
     bool UseCompressedClassPointers               = true                                 {lp64_product} {ergonomic}
     bool UseCompressedOops                        = true                                 {lp64_product} {ergonomic}
     bool UseG1GC                                  = true                                      {product} {ergonomic}
     bool UseLargePagesIndividualAllocation        = false                                  {pd product} {ergonomic}

Logging:
Log output configuration:
 #0: stdout all=warning uptime,level,tags
 #1: stderr all=off uptime,level,tags

Environment Variables:
PATH=C:\windows\system32;C:\windows;C:\windows\System32\Wbem;C:\windows\System32\WindowsPowerShell\v1.0\;C:\windows\system32\config\systemprofile\.dnx\bin;C:\Program Files\Microsoft DNX\Dnvm\;C:\Program Files\Microsoft SQL Server\120\Tools\Binn\;C:\Program Files\Microsoft SQL Server\130\Tools\Binn\;C:\Program Files (x86)\Windows Kits\8.1\Windows Performance Toolkit\;C:\Program Files\Git\cmd;C:\Users\My Tablet\AppData\Local\atom\bin;C:\Program Files (x86)\CodeBlocks\MinGW\bin\gcc.exe;C:\Program Files\Java\jdk-11.0.5\bin
USERNAME=R.erfan24
OS=Windows_NT
PROCESSOR_IDENTIFIER=Intel64 Family 6 Model 69 Stepping 1, GenuineIntel



---------------  S Y S T E M  ---------------

OS: Windows 8.1 , 64 bit Build 9600 (6.3.9600.17056)

CPU:total 4 (initial active 4) (2 cores per cpu, 2 threads per core) family 6 model 69 stepping 1, cmov, cx8, fxsr, mmx, sse, sse2, sse3, ssse3, sse4.1, sse4.2, popcnt, avx, avx2, aes, clmul, erms, rtm, lzcnt, ht, tsc, tscinvbit, bmi1, bmi2, fma

Memory: 4k page, system-wide physical 8112M (918M free)
TotalPageFile size 9885M (AvailPageFile size 5M)
current process WorkingSet (physical memory assigned to process): 149M, peak: 149M
current process commit charge ("private bytes"): 230M, peak: 230M

vm_info: Java HotSpot(TM) 64-Bit Server VM (11.0.5+10-LTS) for windows-amd64 JRE (11.0.5+10-LTS), built on Oct  6 2019 12:37:14 by "mach5one" with MS VC++ 15.5 (VS2017)

END.
