#
# There is insufficient memory for the Java Runtime Environment to continue.
# Native memory allocation (malloc) failed to allocate 764656 bytes for Chunk::new
# Possible reasons:
#   The system is out of physical RAM or swap space
#   The process is running with CompressedOops enabled, and the Java Heap may be blocking the growth of the native heap
# Possible solutions:
#   Reduce memory load on the system
#   Increase physical memory or swap space
#   Check if swap backing store is full
#   Decrease Java heap size (-Xmx/-Xms)
#   Decrease number of Java threads
#   Decrease Java thread stack sizes (-Xss)
#   Set larger code cache with -XX:ReservedCodeCacheSize=
#   JVM is running with Unscaled Compressed Oops mode in which the Java heap is
#     placed in the first 4GB address space. The Java Heap base address is the
#     maximum limit for the native heap growth. Please use -XX:HeapBaseMinAddress
#     to set the Java Heap base and to place the Java Heap above 4GB virtual address.
# This output file may be truncated or incomplete.
#
#  Out of Memory Error (t:/workspace/open/src/hotspot/share/memory/arena.cpp:197), pid=10876, tid=10568
#
# JRE version: Java(TM) SE Runtime Environment (11.0.5+10) (build 11.0.5+10-LTS)
# Java VM: Java HotSpot(TM) 64-Bit Server VM (11.0.5+10-LTS, mixed mode, tiered, compressed oops, g1 gc, windows-amd64)
# No core dump will be written. Minidumps are not enabled by default on client versions of Windows
#

---------------  S U M M A R Y ------------

Command Line: --module-path=C:\JavaFxFiles\javafx-sdk-11.0.2\lib --add-modules=javafx.controls,javafx.fxml --add-modules=javafx.controls,javafx.media --add-modules=javafx.base,javafx.graphics --add-reads=javafx.base=ALL-UNNAMED --add-reads=javafx.graphics=ALL-UNNAMED -javaagent:C:\Program Files\JetBrains\IntelliJ IDEA 2019.3.3\lib\idea_rt.jar=35942:C:\Program Files\JetBrains\IntelliJ IDEA 2019.3.3\bin -Dfile.encoding=UTF-8 Client.Main

Host: Intel(R) Core(TM) i5-4300U CPU @ 1.90GHz, 4 cores, 7G,  Windows 8.1 , 64 bit Build 9600 (6.3.9600.17056)
Time: Tue Jul 28 15:44:07 2020 Iran Summer Time elapsed time: 1 seconds (0d 0h 0m 1s)

---------------  T H R E A D  ---------------

Current thread (0x0000000626468800):  JavaThread "C2 CompilerThread1" daemon [_thread_in_native, id=10568, stack(0x0000000627e60000,0x0000000627f60000)]


Current CompileTask:
C2:   1056  322       4       java.util.stream.ReferencePipeline$3$1::accept (23 bytes)

Stack: [0x0000000627e60000,0x0000000627f60000]
Native frames: (J=compiled Java code, j=interpreted, Vv=VM code, C=native code)
V  [jvm.dll+0x63611a]
V  [jvm.dll+0x77426f]
V  [jvm.dll+0x77591a]
V  [jvm.dll+0x775fd3]
V  [jvm.dll+0x25e608]
V  [jvm.dll+0xc1f31]
V  [jvm.dll+0xc24bc]
V  [jvm.dll+0x2cf5c4]
V  [jvm.dll+0x55278f]
V  [jvm.dll+0x21a5cf]
V  [jvm.dll+0x217506]
V  [jvm.dll+0x1941bc]
V  [jvm.dll+0x226684]
V  [jvm.dll+0x224c78]
V  [jvm.dll+0x7396cd]
V  [jvm.dll+0x6351c2]
C  [ucrtbase.DLL+0x1d885]
C  [KERNEL32.DLL+0x16ad]
C  [ntdll.dll+0x74629]


---------------  P R O C E S S  ---------------

Threads class SMR info:
_java_thread_list=0x00000006263395e0, length=10, elements={
0x0000000606fed000, 0x00000006256b5000, 0x00000006256b6000, 0x0000000626138800,
0x000000062613b800, 0x000000062613d000, 0x00000006261ac800, 0x00000006261ad800,
0x00000006262ba800, 0x0000000626468800
}

Java Threads: ( => current thread )
  0x0000000606fed000 JavaThread "main" [_thread_in_vm, id=4132, stack(0x0000000606690000,0x0000000606790000)]
  0x00000006256b5000 JavaThread "Reference Handler" daemon [_thread_blocked, id=10896, stack(0x00000006265e0000,0x00000006266e0000)]
  0x00000006256b6000 JavaThread "Finalizer" daemon [_thread_blocked, id=9584, stack(0x00000006266e0000,0x00000006267e0000)]
  0x0000000626138800 JavaThread "Signal Dispatcher" daemon [_thread_blocked, id=7760, stack(0x0000000626b30000,0x0000000626c30000)]
  0x000000062613b800 JavaThread "Attach Listener" daemon [_thread_blocked, id=9020, stack(0x0000000626c30000,0x0000000626d30000)]
  0x000000062613d000 JavaThread "C2 CompilerThread0" daemon [_thread_in_native, id=11132, stack(0x0000000626d30000,0x0000000626e30000)]
  0x00000006261ac800 JavaThread "C1 CompilerThread0" daemon [_thread_blocked, id=5260, stack(0x0000000626e30000,0x0000000626f30000)]
  0x00000006261ad800 JavaThread "Sweeper thread" daemon [_thread_blocked, id=10596, stack(0x0000000626f30000,0x0000000627030000)]
  0x00000006262ba800 JavaThread "Common-Cleaner" daemon [_thread_blocked, id=6460, stack(0x0000000627030000,0x0000000627130000)]
=>0x0000000626468800 JavaThread "C2 CompilerThread1" daemon [_thread_in_native, id=10568, stack(0x0000000627e60000,0x0000000627f60000)]

Other Threads:
  0x00000006256dc800 VMThread "VM Thread" [stack: 0x00000006264e0000,0x00000006265e0000] [id=10464]
  0x0000000607001800 GCTaskThread "GC Thread#0" [stack: 0x0000000606980000,0x0000000606a80000] [id=9636]
  0x0000000607032000 ConcurrentGCThread "G1 Main Marker" [stack: 0x0000000622ea0000,0x0000000622fa0000] [id=9656]
  0x0000000607033000 ConcurrentGCThread "G1 Conc#0" [stack: 0x0000000622fa0000,0x00000006230a0000] [id=8592]
  0x000000060708e800 ConcurrentGCThread "G1 Refine#0" [stack: 0x00000006256e0000,0x00000006257e0000] [id=4256]
  0x000000062551a800 ConcurrentGCThread "G1 Young RemSet Sampling" [stack: 0x00000006257e0000,0x00000006258e0000] [id=6320]

Threads with active compile tasks:
C2 CompilerThread0 324       4       java.util.HashMap::putVal (300 bytes)
C2 CompilerThread1 322       4       java.util.stream.ReferencePipeline$3$1::accept (23 bytes)

VM state:not at safepoint (normal execution)

VM Mutex/Monitor currently owned by a thread: None

Heap address: 0x0000000081200000, size: 2030 MB, Compressed Oops mode: 32-bit
Narrow klass base: 0x0000000000000000, Narrow klass shift: 3
Compressed class space size: 1073741824 Address: 0x0000000100000000

Heap:
 garbage-first heap   total 131072K, used 6144K [0x0000000081200000, 0x0000000100000000)
  region size 1024K, 7 young (7168K), 0 survivors (0K)
 Metaspace       used 6432K, capacity 6560K, committed 6784K, reserved 1056768K
  class space    used 582K, capacity 635K, committed 640K, reserved 1048576K
Heap Regions: E=young(eden), S=young(survivor), O=old, HS=humongous(starts), HC=humongous(continues), CS=collection set, F=free, A=archive, TAMS=top-at-mark-start (previous, next)
|   0|0x0000000081200000, 0x0000000081200000, 0x0000000081300000|  0%| F|  |TAMS 0x0000000081200000, 0x0000000081200000| Untracked 
|   1|0x0000000081300000, 0x0000000081300000, 0x0000000081400000|  0%| F|  |TAMS 0x0000000081300000, 0x0000000081300000| Untracked 
|   2|0x0000000081400000, 0x0000000081400000, 0x0000000081500000|  0%| F|  |TAMS 0x0000000081400000, 0x0000000081400000| Untracked 
|   3|0x0000000081500000, 0x0000000081500000, 0x0000000081600000|  0%| F|  |TAMS 0x0000000081500000, 0x0000000081500000| Untracked 
|   4|0x0000000081600000, 0x0000000081600000, 0x0000000081700000|  0%| F|  |TAMS 0x0000000081600000, 0x0000000081600000| Untracked 
|   5|0x0000000081700000, 0x0000000081700000, 0x0000000081800000|  0%| F|  |TAMS 0x0000000081700000, 0x0000000081700000| Untracked 
|   6|0x0000000081800000, 0x0000000081800000, 0x0000000081900000|  0%| F|  |TAMS 0x0000000081800000, 0x0000000081800000| Untracked 
|   7|0x0000000081900000, 0x0000000081900000, 0x0000000081a00000|  0%| F|  |TAMS 0x0000000081900000, 0x0000000081900000| Untracked 
|   8|0x0000000081a00000, 0x0000000081a00000, 0x0000000081b00000|  0%| F|  |TAMS 0x0000000081a00000, 0x0000000081a00000| Untracked 
|   9|0x0000000081b00000, 0x0000000081b00000, 0x0000000081c00000|  0%| F|  |TAMS 0x0000000081b00000, 0x0000000081b00000| Untracked 
|  10|0x0000000081c00000, 0x0000000081c00000, 0x0000000081d00000|  0%| F|  |TAMS 0x0000000081c00000, 0x0000000081c00000| Untracked 
|  11|0x0000000081d00000, 0x0000000081d00000, 0x0000000081e00000|  0%| F|  |TAMS 0x0000000081d00000, 0x0000000081d00000| Untracked 
|  12|0x0000000081e00000, 0x0000000081e00000, 0x0000000081f00000|  0%| F|  |TAMS 0x0000000081e00000, 0x0000000081e00000| Untracked 
|  13|0x0000000081f00000, 0x0000000081f00000, 0x0000000082000000|  0%| F|  |TAMS 0x0000000081f00000, 0x0000000081f00000| Untracked 
|  14|0x0000000082000000, 0x0000000082000000, 0x0000000082100000|  0%| F|  |TAMS 0x0000000082000000, 0x0000000082000000| Untracked 
|  15|0x0000000082100000, 0x0000000082100000, 0x0000000082200000|  0%| F|  |TAMS 0x0000000082100000, 0x0000000082100000| Untracked 
|  16|0x0000000082200000, 0x0000000082200000, 0x0000000082300000|  0%| F|  |TAMS 0x0000000082200000, 0x0000000082200000| Untracked 
|  17|0x0000000082300000, 0x0000000082300000, 0x0000000082400000|  0%| F|  |TAMS 0x0000000082300000, 0x0000000082300000| Untracked 
|  18|0x0000000082400000, 0x0000000082400000, 0x0000000082500000|  0%| F|  |TAMS 0x0000000082400000, 0x0000000082400000| Untracked 
|  19|0x0000000082500000, 0x0000000082500000, 0x0000000082600000|  0%| F|  |TAMS 0x0000000082500000, 0x0000000082500000| Untracked 
|  20|0x0000000082600000, 0x0000000082600000, 0x0000000082700000|  0%| F|  |TAMS 0x0000000082600000, 0x0000000082600000| Untracked 
|  21|0x0000000082700000, 0x0000000082700000, 0x0000000082800000|  0%| F|  |TAMS 0x0000000082700000, 0x0000000082700000| Untracked 
|  22|0x0000000082800000, 0x0000000082800000, 0x0000000082900000|  0%| F|  |TAMS 0x0000000082800000, 0x0000000082800000| Untracked 
|  23|0x0000000082900000, 0x0000000082900000, 0x0000000082a00000|  0%| F|  |TAMS 0x0000000082900000, 0x0000000082900000| Untracked 
|  24|0x0000000082a00000, 0x0000000082a00000, 0x0000000082b00000|  0%| F|  |TAMS 0x0000000082a00000, 0x0000000082a00000| Untracked 
|  25|0x0000000082b00000, 0x0000000082b00000, 0x0000000082c00000|  0%| F|  |TAMS 0x0000000082b00000, 0x0000000082b00000| Untracked 
|  26|0x0000000082c00000, 0x0000000082c00000, 0x0000000082d00000|  0%| F|  |TAMS 0x0000000082c00000, 0x0000000082c00000| Untracked 
|  27|0x0000000082d00000, 0x0000000082d00000, 0x0000000082e00000|  0%| F|  |TAMS 0x0000000082d00000, 0x0000000082d00000| Untracked 
|  28|0x0000000082e00000, 0x0000000082e00000, 0x0000000082f00000|  0%| F|  |TAMS 0x0000000082e00000, 0x0000000082e00000| Untracked 
|  29|0x0000000082f00000, 0x0000000082f00000, 0x0000000083000000|  0%| F|  |TAMS 0x0000000082f00000, 0x0000000082f00000| Untracked 
|  30|0x0000000083000000, 0x0000000083000000, 0x0000000083100000|  0%| F|  |TAMS 0x0000000083000000, 0x0000000083000000| Untracked 
|  31|0x0000000083100000, 0x0000000083100000, 0x0000000083200000|  0%| F|  |TAMS 0x0000000083100000, 0x0000000083100000| Untracked 
|  32|0x0000000083200000, 0x0000000083200000, 0x0000000083300000|  0%| F|  |TAMS 0x0000000083200000, 0x0000000083200000| Untracked 
|  33|0x0000000083300000, 0x0000000083300000, 0x0000000083400000|  0%| F|  |TAMS 0x0000000083300000, 0x0000000083300000| Untracked 
|  34|0x0000000083400000, 0x0000000083400000, 0x0000000083500000|  0%| F|  |TAMS 0x0000000083400000, 0x0000000083400000| Untracked 
|  35|0x0000000083500000, 0x0000000083500000, 0x0000000083600000|  0%| F|  |TAMS 0x0000000083500000, 0x0000000083500000| Untracked 
|  36|0x0000000083600000, 0x0000000083600000, 0x0000000083700000|  0%| F|  |TAMS 0x0000000083600000, 0x0000000083600000| Untracked 
|  37|0x0000000083700000, 0x0000000083700000, 0x0000000083800000|  0%| F|  |TAMS 0x0000000083700000, 0x0000000083700000| Untracked 
|  38|0x0000000083800000, 0x0000000083800000, 0x0000000083900000|  0%| F|  |TAMS 0x0000000083800000, 0x0000000083800000| Untracked 
|  39|0x0000000083900000, 0x0000000083900000, 0x0000000083a00000|  0%| F|  |TAMS 0x0000000083900000, 0x0000000083900000| Untracked 
|  40|0x0000000083a00000, 0x0000000083a00000, 0x0000000083b00000|  0%| F|  |TAMS 0x0000000083a00000, 0x0000000083a00000| Untracked 
|  41|0x0000000083b00000, 0x0000000083b00000, 0x0000000083c00000|  0%| F|  |TAMS 0x0000000083b00000, 0x0000000083b00000| Untracked 
|  42|0x0000000083c00000, 0x0000000083c00000, 0x0000000083d00000|  0%| F|  |TAMS 0x0000000083c00000, 0x0000000083c00000| Untracked 
|  43|0x0000000083d00000, 0x0000000083d00000, 0x0000000083e00000|  0%| F|  |TAMS 0x0000000083d00000, 0x0000000083d00000| Untracked 
|  44|0x0000000083e00000, 0x0000000083e00000, 0x0000000083f00000|  0%| F|  |TAMS 0x0000000083e00000, 0x0000000083e00000| Untracked 
|  45|0x0000000083f00000, 0x0000000083f00000, 0x0000000084000000|  0%| F|  |TAMS 0x0000000083f00000, 0x0000000083f00000| Untracked 
|  46|0x0000000084000000, 0x0000000084000000, 0x0000000084100000|  0%| F|  |TAMS 0x0000000084000000, 0x0000000084000000| Untracked 
|  47|0x0000000084100000, 0x0000000084100000, 0x0000000084200000|  0%| F|  |TAMS 0x0000000084100000, 0x0000000084100000| Untracked 
|  48|0x0000000084200000, 0x0000000084200000, 0x0000000084300000|  0%| F|  |TAMS 0x0000000084200000, 0x0000000084200000| Untracked 
|  49|0x0000000084300000, 0x0000000084300000, 0x0000000084400000|  0%| F|  |TAMS 0x0000000084300000, 0x0000000084300000| Untracked 
|  50|0x0000000084400000, 0x0000000084400000, 0x0000000084500000|  0%| F|  |TAMS 0x0000000084400000, 0x0000000084400000| Untracked 
|  51|0x0000000084500000, 0x0000000084500000, 0x0000000084600000|  0%| F|  |TAMS 0x0000000084500000, 0x0000000084500000| Untracked 
|  52|0x0000000084600000, 0x0000000084600000, 0x0000000084700000|  0%| F|  |TAMS 0x0000000084600000, 0x0000000084600000| Untracked 
|  53|0x0000000084700000, 0x0000000084700000, 0x0000000084800000|  0%| F|  |TAMS 0x0000000084700000, 0x0000000084700000| Untracked 
|  54|0x0000000084800000, 0x0000000084800000, 0x0000000084900000|  0%| F|  |TAMS 0x0000000084800000, 0x0000000084800000| Untracked 
|  55|0x0000000084900000, 0x0000000084900000, 0x0000000084a00000|  0%| F|  |TAMS 0x0000000084900000, 0x0000000084900000| Untracked 
|  56|0x0000000084a00000, 0x0000000084a00000, 0x0000000084b00000|  0%| F|  |TAMS 0x0000000084a00000, 0x0000000084a00000| Untracked 
|  57|0x0000000084b00000, 0x0000000084b00000, 0x0000000084c00000|  0%| F|  |TAMS 0x0000000084b00000, 0x0000000084b00000| Untracked 
|  58|0x0000000084c00000, 0x0000000084c00000, 0x0000000084d00000|  0%| F|  |TAMS 0x0000000084c00000, 0x0000000084c00000| Untracked 
|  59|0x0000000084d00000, 0x0000000084d00000, 0x0000000084e00000|  0%| F|  |TAMS 0x0000000084d00000, 0x0000000084d00000| Untracked 
|  60|0x0000000084e00000, 0x0000000084e00000, 0x0000000084f00000|  0%| F|  |TAMS 0x0000000084e00000, 0x0000000084e00000| Untracked 
|  61|0x0000000084f00000, 0x0000000084f00000, 0x0000000085000000|  0%| F|  |TAMS 0x0000000084f00000, 0x0000000084f00000| Untracked 
|  62|0x0000000085000000, 0x0000000085000000, 0x0000000085100000|  0%| F|  |TAMS 0x0000000085000000, 0x0000000085000000| Untracked 
|  63|0x0000000085100000, 0x0000000085100000, 0x0000000085200000|  0%| F|  |TAMS 0x0000000085100000, 0x0000000085100000| Untracked 
|  64|0x0000000085200000, 0x0000000085200000, 0x0000000085300000|  0%| F|  |TAMS 0x0000000085200000, 0x0000000085200000| Untracked 
|  65|0x0000000085300000, 0x0000000085300000, 0x0000000085400000|  0%| F|  |TAMS 0x0000000085300000, 0x0000000085300000| Untracked 
|  66|0x0000000085400000, 0x0000000085400000, 0x0000000085500000|  0%| F|  |TAMS 0x0000000085400000, 0x0000000085400000| Untracked 
|  67|0x0000000085500000, 0x0000000085500000, 0x0000000085600000|  0%| F|  |TAMS 0x0000000085500000, 0x0000000085500000| Untracked 
|  68|0x0000000085600000, 0x0000000085600000, 0x0000000085700000|  0%| F|  |TAMS 0x0000000085600000, 0x0000000085600000| Untracked 
|  69|0x0000000085700000, 0x0000000085700000, 0x0000000085800000|  0%| F|  |TAMS 0x0000000085700000, 0x0000000085700000| Untracked 
|  70|0x0000000085800000, 0x0000000085800000, 0x0000000085900000|  0%| F|  |TAMS 0x0000000085800000, 0x0000000085800000| Untracked 
|  71|0x0000000085900000, 0x0000000085900000, 0x0000000085a00000|  0%| F|  |TAMS 0x0000000085900000, 0x0000000085900000| Untracked 
|  72|0x0000000085a00000, 0x0000000085a00000, 0x0000000085b00000|  0%| F|  |TAMS 0x0000000085a00000, 0x0000000085a00000| Untracked 
|  73|0x0000000085b00000, 0x0000000085b00000, 0x0000000085c00000|  0%| F|  |TAMS 0x0000000085b00000, 0x0000000085b00000| Untracked 
|  74|0x0000000085c00000, 0x0000000085c00000, 0x0000000085d00000|  0%| F|  |TAMS 0x0000000085c00000, 0x0000000085c00000| Untracked 
|  75|0x0000000085d00000, 0x0000000085d00000, 0x0000000085e00000|  0%| F|  |TAMS 0x0000000085d00000, 0x0000000085d00000| Untracked 
|  76|0x0000000085e00000, 0x0000000085e00000, 0x0000000085f00000|  0%| F|  |TAMS 0x0000000085e00000, 0x0000000085e00000| Untracked 
|  77|0x0000000085f00000, 0x0000000085f00000, 0x0000000086000000|  0%| F|  |TAMS 0x0000000085f00000, 0x0000000085f00000| Untracked 
|  78|0x0000000086000000, 0x0000000086000000, 0x0000000086100000|  0%| F|  |TAMS 0x0000000086000000, 0x0000000086000000| Untracked 
|  79|0x0000000086100000, 0x0000000086100000, 0x0000000086200000|  0%| F|  |TAMS 0x0000000086100000, 0x0000000086100000| Untracked 
|  80|0x0000000086200000, 0x0000000086200000, 0x0000000086300000|  0%| F|  |TAMS 0x0000000086200000, 0x0000000086200000| Untracked 
|  81|0x0000000086300000, 0x0000000086300000, 0x0000000086400000|  0%| F|  |TAMS 0x0000000086300000, 0x0000000086300000| Untracked 
|  82|0x0000000086400000, 0x0000000086400000, 0x0000000086500000|  0%| F|  |TAMS 0x0000000086400000, 0x0000000086400000| Untracked 
|  83|0x0000000086500000, 0x0000000086500000, 0x0000000086600000|  0%| F|  |TAMS 0x0000000086500000, 0x0000000086500000| Untracked 
|  84|0x0000000086600000, 0x0000000086600000, 0x0000000086700000|  0%| F|  |TAMS 0x0000000086600000, 0x0000000086600000| Untracked 
|  85|0x0000000086700000, 0x0000000086700000, 0x0000000086800000|  0%| F|  |TAMS 0x0000000086700000, 0x0000000086700000| Untracked 
|  86|0x0000000086800000, 0x0000000086800000, 0x0000000086900000|  0%| F|  |TAMS 0x0000000086800000, 0x0000000086800000| Untracked 
|  87|0x0000000086900000, 0x0000000086900000, 0x0000000086a00000|  0%| F|  |TAMS 0x0000000086900000, 0x0000000086900000| Untracked 
|  88|0x0000000086a00000, 0x0000000086a00000, 0x0000000086b00000|  0%| F|  |TAMS 0x0000000086a00000, 0x0000000086a00000| Untracked 
|  89|0x0000000086b00000, 0x0000000086b00000, 0x0000000086c00000|  0%| F|  |TAMS 0x0000000086b00000, 0x0000000086b00000| Untracked 
|  90|0x0000000086c00000, 0x0000000086c00000, 0x0000000086d00000|  0%| F|  |TAMS 0x0000000086c00000, 0x0000000086c00000| Untracked 
|  91|0x0000000086d00000, 0x0000000086d00000, 0x0000000086e00000|  0%| F|  |TAMS 0x0000000086d00000, 0x0000000086d00000| Untracked 
|  92|0x0000000086e00000, 0x0000000086e00000, 0x0000000086f00000|  0%| F|  |TAMS 0x0000000086e00000, 0x0000000086e00000| Untracked 
|  93|0x0000000086f00000, 0x0000000086f00000, 0x0000000087000000|  0%| F|  |TAMS 0x0000000086f00000, 0x0000000086f00000| Untracked 
|  94|0x0000000087000000, 0x0000000087000000, 0x0000000087100000|  0%| F|  |TAMS 0x0000000087000000, 0x0000000087000000| Untracked 
|  95|0x0000000087100000, 0x0000000087100000, 0x0000000087200000|  0%| F|  |TAMS 0x0000000087100000, 0x0000000087100000| Untracked 
|  96|0x0000000087200000, 0x0000000087200000, 0x0000000087300000|  0%| F|  |TAMS 0x0000000087200000, 0x0000000087200000| Untracked 
|  97|0x0000000087300000, 0x0000000087300000, 0x0000000087400000|  0%| F|  |TAMS 0x0000000087300000, 0x0000000087300000| Untracked 
|  98|0x0000000087400000, 0x0000000087400000, 0x0000000087500000|  0%| F|  |TAMS 0x0000000087400000, 0x0000000087400000| Untracked 
|  99|0x0000000087500000, 0x0000000087500000, 0x0000000087600000|  0%| F|  |TAMS 0x0000000087500000, 0x0000000087500000| Untracked 
| 100|0x0000000087600000, 0x0000000087600000, 0x0000000087700000|  0%| F|  |TAMS 0x0000000087600000, 0x0000000087600000| Untracked 
| 101|0x0000000087700000, 0x0000000087700000, 0x0000000087800000|  0%| F|  |TAMS 0x0000000087700000, 0x0000000087700000| Untracked 
| 102|0x0000000087800000, 0x0000000087800000, 0x0000000087900000|  0%| F|  |TAMS 0x0000000087800000, 0x0000000087800000| Untracked 
| 103|0x0000000087900000, 0x0000000087900000, 0x0000000087a00000|  0%| F|  |TAMS 0x0000000087900000, 0x0000000087900000| Untracked 
| 104|0x0000000087a00000, 0x0000000087a00000, 0x0000000087b00000|  0%| F|  |TAMS 0x0000000087a00000, 0x0000000087a00000| Untracked 
| 105|0x0000000087b00000, 0x0000000087b00000, 0x0000000087c00000|  0%| F|  |TAMS 0x0000000087b00000, 0x0000000087b00000| Untracked 
| 106|0x0000000087c00000, 0x0000000087c00000, 0x0000000087d00000|  0%| F|  |TAMS 0x0000000087c00000, 0x0000000087c00000| Untracked 
| 107|0x0000000087d00000, 0x0000000087d00000, 0x0000000087e00000|  0%| F|  |TAMS 0x0000000087d00000, 0x0000000087d00000| Untracked 
| 108|0x0000000087e00000, 0x0000000087e00000, 0x0000000087f00000|  0%| F|  |TAMS 0x0000000087e00000, 0x0000000087e00000| Untracked 
| 109|0x0000000087f00000, 0x0000000087f00000, 0x0000000088000000|  0%| F|  |TAMS 0x0000000087f00000, 0x0000000087f00000| Untracked 
| 110|0x0000000088000000, 0x0000000088000000, 0x0000000088100000|  0%| F|  |TAMS 0x0000000088000000, 0x0000000088000000| Untracked 
| 111|0x0000000088100000, 0x0000000088100000, 0x0000000088200000|  0%| F|  |TAMS 0x0000000088100000, 0x0000000088100000| Untracked 
| 112|0x0000000088200000, 0x0000000088200000, 0x0000000088300000|  0%| F|  |TAMS 0x0000000088200000, 0x0000000088200000| Untracked 
| 113|0x0000000088300000, 0x0000000088300000, 0x0000000088400000|  0%| F|  |TAMS 0x0000000088300000, 0x0000000088300000| Untracked 
| 114|0x0000000088400000, 0x0000000088400000, 0x0000000088500000|  0%| F|  |TAMS 0x0000000088400000, 0x0000000088400000| Untracked 
| 115|0x0000000088500000, 0x0000000088500000, 0x0000000088600000|  0%| F|  |TAMS 0x0000000088500000, 0x0000000088500000| Untracked 
| 116|0x0000000088600000, 0x0000000088600000, 0x0000000088700000|  0%| F|  |TAMS 0x0000000088600000, 0x0000000088600000| Untracked 
| 117|0x0000000088700000, 0x0000000088700000, 0x0000000088800000|  0%| F|  |TAMS 0x0000000088700000, 0x0000000088700000| Untracked 
| 118|0x0000000088800000, 0x0000000088800000, 0x0000000088900000|  0%| F|  |TAMS 0x0000000088800000, 0x0000000088800000| Untracked 
| 119|0x0000000088900000, 0x0000000088900000, 0x0000000088a00000|  0%| F|  |TAMS 0x0000000088900000, 0x0000000088900000| Untracked 
| 120|0x0000000088a00000, 0x0000000088a00000, 0x0000000088b00000|  0%| F|  |TAMS 0x0000000088a00000, 0x0000000088a00000| Untracked 
| 121|0x0000000088b00000, 0x0000000088c00000, 0x0000000088c00000|100%| E|  |TAMS 0x0000000088b00000, 0x0000000088b00000| Complete 
| 122|0x0000000088c00000, 0x0000000088d00000, 0x0000000088d00000|100%| E|CS|TAMS 0x0000000088c00000, 0x0000000088c00000| Complete 
| 123|0x0000000088d00000, 0x0000000088e00000, 0x0000000088e00000|100%| E|CS|TAMS 0x0000000088d00000, 0x0000000088d00000| Complete 
| 124|0x0000000088e00000, 0x0000000088f00000, 0x0000000088f00000|100%| E|CS|TAMS 0x0000000088e00000, 0x0000000088e00000| Complete 
| 125|0x0000000088f00000, 0x0000000089000000, 0x0000000089000000|100%| E|CS|TAMS 0x0000000088f00000, 0x0000000088f00000| Complete 
| 126|0x0000000089000000, 0x0000000089100000, 0x0000000089100000|100%| E|CS|TAMS 0x0000000089000000, 0x0000000089000000| Complete 
| 127|0x0000000089100000, 0x0000000089200000, 0x0000000089200000|100%| E|CS|TAMS 0x0000000089100000, 0x0000000089100000| Complete 

Card table byte_map: [0x000000061e720000,0x000000061eb20000] _byte_map_base: 0x000000061e317000

Marking Bits (Prev, Next): (CMBitMap*) 0x00000006070291e8, (CMBitMap*) 0x0000000607029220
 Prev Bits: [0x000000061ef20000, 0x0000000620ed8000)
 Next Bits: [0x0000000620ee0000, 0x0000000622e98000)

Polling page: 0x0000000604e50000

Metaspace:

Usage:
  Non-class:      5.79 MB capacity,     5.71 MB ( 99%) used,    66.99 KB (  1%) free+waste,     7.69 KB ( <1%) overhead. 
      Class:    635.00 KB capacity,   582.30 KB ( 92%) used,    48.82 KB (  8%) free+waste,     3.88 KB ( <1%) overhead. 
       Both:      6.41 MB capacity,     6.28 MB ( 98%) used,   115.81 KB (  2%) free+waste,    11.56 KB ( <1%) overhead. 

Virtual space:
  Non-class space:        8.00 MB reserved,       6.00 MB ( 75%) committed 
      Class space:        1.00 GB reserved,     640.00 KB ( <1%) committed 
             Both:        1.01 GB reserved,       6.63 MB ( <1%) committed 

Chunk freelists:
   Non-Class:  3.38 KB
       Class:  640 bytes
        Both:  4.00 KB

CodeHeap 'non-profiled nmethods': size=120064Kb used=132Kb max_used=132Kb free=119931Kb
 bounds [0x0000000616de0000, 0x0000000617050000, 0x000000061e320000]
CodeHeap 'profiled nmethods': size=120000Kb used=566Kb max_used=566Kb free=119433Kb
 bounds [0x000000060f8b0000, 0x000000060fb20000, 0x0000000616de0000]
CodeHeap 'non-nmethods': size=5696Kb used=1051Kb max_used=1070Kb free=4644Kb
 bounds [0x000000060f320000, 0x000000060f590000, 0x000000060f8b0000]
 total_blobs=861 nmethods=407 adapters=247
 compilation: enabled
              stopped_count=0, restarted_count=0
 full_count=0

Compilation events (10 events):
Event: 1.022 Thread 0x00000006261ac800  411       1       java.lang.module.ModuleDescriptor$Provides::service (5 bytes)
Event: 1.022 Thread 0x00000006261ac800 nmethod 411 0x0000000616dfd790 code [0x0000000616dfd940, 0x0000000616dfda58]
Event: 1.024 Thread 0x00000006261ac800  412       1       jdk.internal.module.ModuleReferenceImpl::moduleResolution (5 bytes)
Event: 1.024 Thread 0x00000006261ac800 nmethod 412 0x0000000616dfdb10 code [0x0000000616dfdcc0, 0x0000000616dfddd8]
Event: 1.024 Thread 0x00000006261ac800  413       3       java.util.Arrays::equals (57 bytes)
Event: 1.026 Thread 0x00000006261ac800 nmethod 413 0x000000060f93c110 code [0x000000060f93c300, 0x000000060f93c8d0]
Event: 1.041 Thread 0x00000006261ac800  414       3       jdk.internal.module.ModuleBootstrap$2::hasNext (30 bytes)
Event: 1.042 Thread 0x00000006261ac800 nmethod 414 0x000000060f93ca90 code [0x000000060f93cc60, 0x000000060f93cfe0]
Event: 1.042 Thread 0x00000006261ac800  415       3       jdk.internal.module.ModuleBootstrap$2::next (52 bytes)
Event: 1.043 Thread 0x00000006261ac800 nmethod 415 0x000000060f93d110 code [0x000000060f93d320, 0x000000060f93d890]

GC Heap History (0 events):
No events

Deoptimization events (2 events):
Event: 0.714 Thread 0x0000000606fed000 Uncommon trap: reason=unstable_if action=reinterpret pc=0x0000000616df0220 method=java.lang.CharacterDataLatin1.isJavaIdentifierPart(I)Z @ 11 c2
Event: 0.967 Thread 0x0000000606fed000 Uncommon trap: reason=unstable_if action=reinterpret pc=0x0000000616df550c method=java.util.ImmutableCollections$SetN.probe(Ljava/lang/Object;)I @ 34 c2

Classes redefined (0 events):
No events

Internal exceptions (3 events):
Event: 0.524 Thread 0x0000000606fed000 Exception <a 'sun/nio/fs/WindowsException'{0x0000000089066a90}> (0x0000000089066a90) thrown at [t:/workspace/open/src/hotspot/share/prims/jni.cpp, line 615]
Event: 0.524 Thread 0x0000000606fed000 Exception <a 'sun/nio/fs/WindowsException'{0x0000000089066f00}> (0x0000000089066f00) thrown at [t:/workspace/open/src/hotspot/share/prims/jni.cpp, line 615]
Event: 0.573 Thread 0x0000000606fed000 Exception <a 'java/lang/NoSuchMethodError'{0x000000008908e970}: java.lang.invoke.DirectMethodHandle$Holder.invokeSpecialIFC(Ljava/lang/Object;Ljava/lang/Object;I)I> (0x000000008908e970) thrown at [t:/workspace/open/src/hotspot/share/interpreter/linkResolv

Events (10 events):
Event: 1.027 loading class java/lang/WeakPairMap$WeakRefPeer done
Event: 1.027 loading class java/lang/WeakPairMap$Pair$Weak done
Event: 1.027 loading class java/lang/WeakPairMap$Pair$Weak$1
Event: 1.027 loading class java/lang/WeakPairMap$Pair$Weak$1 done
Event: 1.029 loading class jdk/internal/module/IllegalAccessLogger$Mode
Event: 1.029 loading class jdk/internal/module/IllegalAccessLogger$Mode done
Event: 1.029 loading class jdk/internal/module/IllegalAccessLogger$Builder
Event: 1.030 loading class jdk/internal/module/IllegalAccessLogger$Builder done
Event: 1.039 loading class jdk/internal/module/ModuleBootstrap$2
Event: 1.039 loading class jdk/internal/module/ModuleBootstrap$2 done


Dynamic libraries:
0x00007ff65a150000 - 0x00007ff65a197000 	C:\Program Files\Java\jdk-11.0.5\bin\java.exe
0x00007ffe78b10000 - 0x00007ffe78cba000 	C:\windows\SYSTEM32\ntdll.dll
0x00007ffe78530000 - 0x00007ffe7866a000 	C:\windows\system32\KERNEL32.DLL
0x00007ffe76130000 - 0x00007ffe7623f000 	C:\windows\system32\KERNELBASE.dll
0x00007ffe78a60000 - 0x00007ffe78b05000 	C:\windows\system32\ADVAPI32.dll
0x00007ffe77be0000 - 0x00007ffe77d51000 	C:\windows\system32\USER32.dll
0x00007ffe729d0000 - 0x00007ffe72c2a000 	C:\windows\WinSxS\amd64_microsoft.windows.common-controls_6595b64144ccf1df_6.0.9600.17031_none_6242a4b3ecbb55a1\COMCTL32.dll
0x00007ffe74f40000 - 0x00007ffe74f4a000 	C:\windows\SYSTEM32\VERSION.dll
0x00007ffe77d60000 - 0x00007ffe77e07000 	C:\windows\system32\msvcrt.dll
0x00007ffe763f0000 - 0x00007ffe76447000 	C:\windows\SYSTEM32\sechost.dll
0x00007ffe78160000 - 0x00007ffe78296000 	C:\windows\system32\RPCRT4.dll
0x00007ffe782d0000 - 0x00007ffe78415000 	C:\windows\system32\GDI32.dll
0x00007ffe76780000 - 0x00007ffe767b4000 	C:\windows\system32\IMM32.DLL
0x00007ffe76450000 - 0x00007ffe76589000 	C:\windows\system32\MSCTF.dll
0x00007ffe710c0000 - 0x00007ffe710d6000 	C:\Program Files\Java\jdk-11.0.5\bin\vcruntime140.dll
0x00007ffe718f0000 - 0x00007ffe718f4000 	C:\Program Files\Java\jdk-11.0.5\bin\api-ms-win-crt-runtime-l1-1-0.dll
0x00007ffe71320000 - 0x00007ffe71324000 	C:\Program Files\Java\jdk-11.0.5\bin\api-ms-win-crt-string-l1-1-0.dll
0x00007ffe710b0000 - 0x00007ffe710b3000 	C:\Program Files\Java\jdk-11.0.5\bin\api-ms-win-crt-heap-l1-1-0.dll
0x00007ffe6ef20000 - 0x00007ffe6ef24000 	C:\Program Files\Java\jdk-11.0.5\bin\api-ms-win-crt-stdio-l1-1-0.dll
0x00007ffe6ef10000 - 0x00007ffe6ef14000 	C:\Program Files\Java\jdk-11.0.5\bin\api-ms-win-crt-convert-l1-1-0.dll
0x00007ffe5f470000 - 0x00007ffe5f566000 	C:\Program Files\Java\jdk-11.0.5\bin\ucrtbase.DLL
0x00007ffe6e1f0000 - 0x00007ffe6e29a000 	C:\Program Files\Java\jdk-11.0.5\bin\msvcp140.dll
0x00007ffe6ef00000 - 0x00007ffe6ef03000 	C:\Program Files\Java\jdk-11.0.5\bin\api-ms-win-crt-locale-l1-1-0.dll
0x00007ffe6eef0000 - 0x00007ffe6eef5000 	C:\Program Files\Java\jdk-11.0.5\bin\api-ms-win-crt-math-l1-1-0.dll
0x00007ffe6eee0000 - 0x00007ffe6eee5000 	C:\Program Files\Java\jdk-11.0.5\bin\api-ms-win-crt-multibyte-l1-1-0.dll
0x00007ffe6e8a0000 - 0x00007ffe6e8a3000 	C:\Program Files\Java\jdk-11.0.5\bin\api-ms-win-crt-time-l1-1-0.dll
0x00007ffe6e890000 - 0x00007ffe6e893000 	C:\Program Files\Java\jdk-11.0.5\bin\api-ms-win-crt-filesystem-l1-1-0.dll
0x00007ffe6e1e0000 - 0x00007ffe6e1e3000 	C:\Program Files\Java\jdk-11.0.5\bin\api-ms-win-crt-environment-l1-1-0.dll
0x00007ffe6e1d0000 - 0x00007ffe6e1d3000 	C:\Program Files\Java\jdk-11.0.5\bin\api-ms-win-crt-utility-l1-1-0.dll
0x00007ffe52c10000 - 0x00007ffe53738000 	C:\Program Files\Java\jdk-11.0.5\bin\server\jvm.dll
0x00007ffe62640000 - 0x00007ffe62649000 	C:\windows\SYSTEM32\WSOCK32.dll
0x00007ffe71c20000 - 0x00007ffe71c3f000 	C:\windows\SYSTEM32\WINMM.dll
0x00007ffe765f0000 - 0x00007ffe765f7000 	C:\windows\system32\PSAPI.DLL
0x00007ffe76590000 - 0x00007ffe765e8000 	C:\windows\system32\WS2_32.dll
0x00007ffe718c0000 - 0x00007ffe718ea000 	C:\windows\SYSTEM32\WINMMBASE.dll
0x00007ffe782c0000 - 0x00007ffe782c9000 	C:\windows\system32\NSI.dll
0x00007ffe76290000 - 0x00007ffe762da000 	C:\windows\SYSTEM32\cfgmgr32.dll
0x00007ffe74cc0000 - 0x00007ffe74ce6000 	C:\windows\SYSTEM32\DEVOBJ.dll
0x00007ffe6bbf0000 - 0x00007ffe6bc01000 	C:\Program Files\Java\jdk-11.0.5\bin\verify.dll
0x00007ffe4afb0000 - 0x00007ffe4b138000 	C:\windows\SYSTEM32\DBGHELP.DLL
0x00007ffe6bbc0000 - 0x00007ffe6bbe9000 	C:\Program Files\Java\jdk-11.0.5\bin\java.dll
0x00007ffe71110000 - 0x00007ffe7113f000 	C:\Program Files\Java\jdk-11.0.5\bin\instrument.dll
0x00007ffe6bba0000 - 0x00007ffe6bbb6000 	C:\Program Files\Java\jdk-11.0.5\bin\zip.dll
0x00007ffe6bb90000 - 0x00007ffe6bb9a000 	C:\Program Files\Java\jdk-11.0.5\bin\jimage.dll
0x00007ffe767c0000 - 0x00007ffe77bd7000 	C:\windows\system32\SHELL32.dll
0x00007ffe77e10000 - 0x00007ffe77fe6000 	C:\windows\SYSTEM32\combase.dll
0x00007ffe78420000 - 0x00007ffe78471000 	C:\windows\system32\SHLWAPI.dll
0x00007ffe73da0000 - 0x00007ffe73e3f000 	C:\windows\SYSTEM32\SHCORE.dll
0x00007ffe75e80000 - 0x00007ffe75e94000 	C:\windows\SYSTEM32\profapi.dll
0x00007ffe6bb70000 - 0x00007ffe6bb89000 	C:\Program Files\Java\jdk-11.0.5\bin\net.dll
0x00007ffe6e560000 - 0x00007ffe6e625000 	C:\windows\SYSTEM32\WINHTTP.dll
0x0000000180000000 - 0x000000018006d000 	C:\windows\system32\LavasoftTcpService64.dll
0x00007ffe756d0000 - 0x00007ffe75728000 	C:\windows\SYSTEM32\MSWSOCK.dll
0x00007ffe74f50000 - 0x00007ffe74f79000 	C:\windows\SYSTEM32\IPHLPAPI.DLL
0x00007ffe76600000 - 0x00007ffe76778000 	C:\windows\system32\ole32.dll
0x00007ffe77ff0000 - 0x00007ffe780a7000 	C:\windows\system32\OLEAUT32.dll
0x00007ffe74f30000 - 0x00007ffe74f3a000 	C:\windows\SYSTEM32\WINNSI.DLL
0x00007ffe75cc0000 - 0x00007ffe75ceb000 	C:\windows\SYSTEM32\SspiCli.dll
0x00007ffe74b30000 - 0x00007ffe74b3a000 	C:\windows\SYSTEM32\kernel.appcore.dll
0x00007ffe75d50000 - 0x00007ffe75d5a000 	C:\windows\SYSTEM32\CRYPTBASE.dll
0x00007ffe75cf0000 - 0x00007ffe75d50000 	C:\windows\SYSTEM32\bcryptPrimitives.dll
0x00007ffe6bb50000 - 0x00007ffe6bb63000 	C:\Program Files\Java\jdk-11.0.5\bin\nio.dll
0x00007ffe74b40000 - 0x00007ffe74c61000 	C:\windows\system32\uxtheme.dll
0x00007ffe71570000 - 0x00007ffe71608000 	C:\Program Files\Common Files\microsoft shared\ink\tiptsf.dll
0x00007ffe780b0000 - 0x00007ffe78154000 	C:\windows\SYSTEM32\clbcatq.dll
0x00007ffe757a0000 - 0x00007ffe757be000 	C:\windows\SYSTEM32\CRYPTSP.dll
0x00007ffe75210000 - 0x00007ffe75245000 	C:\windows\system32\rsaenh.dll
0x00007ffe75970000 - 0x00007ffe75996000 	C:\windows\SYSTEM32\bcrypt.dll
0x00007ffe75d60000 - 0x00007ffe75df7000 	C:\windows\SYSTEM32\sxs.dll

dbghelp: loaded successfully - version: 4.0.5 - missing functions: none
symbol engine: initialized successfully - sym options: 0x614 - pdb path: .;C:\Program Files\Java\jdk-11.0.5\bin;C:\windows\SYSTEM32;C:\windows\WinSxS\amd64_microsoft.windows.common-controls_6595b64144ccf1df_6.0.9600.17031_none_6242a4b3ecbb55a1;C:\Program Files\Java\jdk-11.0.5\bin\server;C:\Program Files\Common Files\microsoft shared\ink

VM Arguments:
jvm_args: --module-path=C:\JavaFxFiles\javafx-sdk-11.0.2\lib --add-modules=javafx.controls,javafx.fxml --add-modules=javafx.controls,javafx.media --add-modules=javafx.base,javafx.graphics --add-reads=javafx.base=ALL-UNNAMED --add-reads=javafx.graphics=ALL-UNNAMED -javaagent:C:\Program Files\JetBrains\IntelliJ IDEA 2019.3.3\lib\idea_rt.jar=35942:C:\Program Files\JetBrains\IntelliJ IDEA 2019.3.3\bin -Dfile.encoding=UTF-8 
java_command: Client.Main
java_class_path (initial): C:\Users\My Tablet\Downloads\daneshga\Term 2\AP\Project\Phase 2\new5\Java\candyMarket\target\classes;C:\JavaFxFiles\javafx-sdk-11.0.2\lib\src.zip;C:\JavaFxFiles\javafx-sdk-11.0.2\lib\javafx-swt.jar;C:\JavaFxFiles\javafx-sdk-11.0.2\lib\javafx.web.jar;C:\JavaFxFiles\javafx-sdk-11.0.2\lib\javafx.base.jar;C:\JavaFxFiles\javafx-sdk-11.0.2\lib\javafx.fxml.jar;C:\JavaFxFiles\javafx-sdk-11.0.2\lib\javafx.media.jar;C:\JavaFxFiles\javafx-sdk-11.0.2\lib\javafx.swing.jar;C:\JavaFxFiles\javafx-sdk-11.0.2\lib\javafx.controls.jar;C:\JavaFxFiles\javafx-sdk-11.0.2\lib\javafx.graphics.jar;C:\Users\My Tablet\.m2\repository\com\fasterxml\jackson\core\jackson-databind\2.10.0.pr2\jackson-databind-2.10.0.pr2.jar;C:\Users\My Tablet\.m2\repository\com\fasterxml\jackson\core\jackson-annotations\2.10.0.pr2\jackson-annotations-2.10.0.pr2.jar;C:\Users\My Tablet\.m2\repository\com\fasterxml\jackson\core\jackson-core\2.10.0.pr2\jackson-core-2.10.0.pr2.jar;C:\Users\My Tablet\.m2\repository\org\xerial\sqlite-jdbc\3.32.3\sqlite-jdbc-3.32.3.jar;C:\Users\My Tablet\.m2\repository\com\google\code\gson\gson\2.8.6\gson-2.8.6.jar;C:\Users\My Tablet\.m2\repository\junit\junit\4.13\junit-4.13.jar;C:\Users\My Tablet\.m2\repository\org\hamcrest\hamcrest-core\1.3\hamcrest-core-1.3.jar;C:\Users\My Tablet\.m2\repository\org\junit\jupiter\junit-jupiter\5.7.0-M1\junit-jupiter-5.7.0-M1.jar;C:\Users\My Tablet\.m2\repository\org\junit\jupiter\junit-jupiter-api\5.7.0-M1\junit-jupiter-api-5.7.0-M1.jar;C:\Users\My Tablet\.m2\repository\org\apiguardian\apiguardian-api\1.1.0\apiguardian-api-1.1.0.jar;C:\Users\My Tablet\.m2\repository\org\opentest4j\opentest4j\1.2.0\opentest4j-1.2.0.jar;C:\Users\My Tablet\.m2\repository\org\junit\platform\junit-platform-commons\1.7.0-M1\junit-platform-commons-1.7.0-M1.jar;C:\Users\My Tablet\.m2\repository\org\junit\jupiter\junit-jupiter-params\5.7.0-M1\junit-jupiter-params-5.7.0-M1.jar;C:\Users\My Tablet\.m2\repository\org\junit\jupiter\junit-jupiter-engine\5.7.
Launcher Type: SUN_STANDARD

[Global flags]
     intx CICompilerCount                          = 3                                         {product} {ergonomic}
     uint ConcGCThreads                            = 1                                         {product} {ergonomic}
     uint G1ConcRefinementThreads                  = 4                                         {product} {ergonomic}
   size_t G1HeapRegionSize                         = 1048576                                   {product} {ergonomic}
    uintx GCDrainStackTargetSize                   = 64                                        {product} {ergonomic}
   size_t InitialHeapSize                          = 134217728                                 {product} {ergonomic}
   size_t MarkStackSize                            = 4194304                                   {product} {ergonomic}
   size_t MaxHeapSize                              = 2128609280                                {product} {ergonomic}
   size_t MaxNewSize                               = 1277165568                                {product} {ergonomic}
   size_t MinHeapDeltaBytes                        = 1048576                                   {product} {ergonomic}
    uintx NonNMethodCodeHeapSize                   = 5830732                                {pd product} {ergonomic}
    uintx NonProfiledCodeHeapSize                  = 122913754                              {pd product} {ergonomic}
    uintx ProfiledCodeHeapSize                     = 122913754                              {pd product} {ergonomic}
    uintx ReservedCodeCacheSize                    = 251658240                              {pd product} {ergonomic}
     bool SegmentedCodeCache                       = true                                      {product} {ergonomic}
     bool UseCompressedClassPointers               = true                                 {lp64_product} {ergonomic}
     bool UseCompressedOops                        = true                                 {lp64_product} {ergonomic}
     bool UseG1GC                                  = true                                      {product} {ergonomic}
     bool UseLargePagesIndividualAllocation        = false                                  {pd product} {ergonomic}

Logging:
Log output configuration:
 #0: stdout all=warning uptime,level,tags
 #1: stderr all=off uptime,level,tags

Environment Variables:
PATH=C:\windows\system32;C:\windows;C:\windows\System32\Wbem;C:\windows\System32\WindowsPowerShell\v1.0\;C:\windows\system32\config\systemprofile\.dnx\bin;C:\Program Files\Microsoft DNX\Dnvm\;C:\Program Files\Microsoft SQL Server\120\Tools\Binn\;C:\Program Files\Microsoft SQL Server\130\Tools\Binn\;C:\Program Files (x86)\Windows Kits\8.1\Windows Performance Toolkit\;C:\Program Files\Git\cmd;C:\Users\My Tablet\AppData\Local\atom\bin;C:\Program Files (x86)\CodeBlocks\MinGW\bin\gcc.exe;C:\Program Files\Java\jdk-11.0.5\bin
USERNAME=R.erfan24
OS=Windows_NT
PROCESSOR_IDENTIFIER=Intel64 Family 6 Model 69 Stepping 1, GenuineIntel



---------------  S Y S T E M  ---------------

OS: Windows 8.1 , 64 bit Build 9600 (6.3.9600.17056)

CPU:total 4 (initial active 4) (2 cores per cpu, 2 threads per core) family 6 model 69 stepping 1, cmov, cx8, fxsr, mmx, sse, sse2, sse3, ssse3, sse4.1, sse4.2, popcnt, avx, avx2, aes, clmul, erms, rtm, lzcnt, ht, tsc, tscinvbit, bmi1, bmi2, fma

Memory: 4k page, system-wide physical 8112M (1160M free)
TotalPageFile size 9885M (AvailPageFile size 5M)
current process WorkingSet (physical memory assigned to process): 55M, peak: 56M
current process commit charge ("private bytes"): 211M, peak: 213M

vm_info: Java HotSpot(TM) 64-Bit Server VM (11.0.5+10-LTS) for windows-amd64 JRE (11.0.5+10-LTS), built on Oct  6 2019 12:37:14 by "mach5one" with MS VC++ 15.5 (VS2017)

END.
